TN:
SF:src\index.ts
FN:45,(anonymous_1)
FN:50,(anonymous_2)
FNF:2
FNH:0
FNDA:0,(anonymous_1)
FNDA:0,(anonymous_2)
DA:1,0
DA:2,0
DA:3,0
DA:4,0
DA:5,0
DA:6,0
DA:7,0
DA:8,0
DA:9,0
DA:10,0
DA:11,0
DA:13,0
DA:15,0
DA:16,0
DA:17,0
DA:31,0
DA:35,0
DA:36,0
DA:37,0
DA:38,0
DA:39,0
DA:40,0
DA:41,0
DA:45,0
DA:46,0
DA:50,0
DA:51,0
DA:52,0
DA:53,0
DA:55,0
LF:30
LH:0
BRDA:16,0,0,0
BRDA:16,0,1,0
BRF:2
BRH:0
end_of_record
TN:
SF:src\controllers\adminController.ts
FN:8,(anonymous_1)
FN:27,(anonymous_2)
FN:47,(anonymous_3)
FN:67,(anonymous_4)
FN:96,(anonymous_5)
FN:123,(anonymous_6)
FN:142,(anonymous_7)
FN:160,(anonymous_8)
FNF:8
FNH:8
FNDA:2,(anonymous_1)
FNDA:1,(anonymous_2)
FNDA:1,(anonymous_3)
FNDA:2,(anonymous_4)
FNDA:1,(anonymous_5)
FNDA:1,(anonymous_6)
FNDA:1,(anonymous_7)
FNDA:1,(anonymous_8)
DA:2,2
DA:3,2
DA:8,2
DA:9,2
DA:10,2
DA:18,1
DA:20,1
DA:27,2
DA:28,1
DA:29,1
DA:38,1
DA:40,0
DA:47,2
DA:48,1
DA:49,1
DA:50,1
DA:52,1
DA:58,1
DA:60,0
DA:67,2
DA:68,2
DA:69,2
DA:72,2
DA:79,1
DA:87,1
DA:89,1
DA:96,2
DA:97,1
DA:98,1
DA:99,1
DA:102,1
DA:108,1
DA:114,1
DA:116,0
DA:123,2
DA:124,1
DA:125,1
DA:127,1
DA:133,1
DA:135,0
DA:142,2
DA:143,1
DA:144,1
DA:151,1
DA:153,0
DA:160,2
DA:161,1
DA:162,1
DA:166,1
DA:168,0
LF:50
LH:44
BRF:0
BRH:0
end_of_record
TN:
SF:src\controllers\farmerController.ts
FN:6,(anonymous_0)
FN:16,(anonymous_1)
FN:26,(anonymous_2)
FN:37,(anonymous_3)
FN:47,(anonymous_4)
FNF:5
FNH:5
FNDA:2,(anonymous_0)
FNDA:2,(anonymous_1)
FNDA:3,(anonymous_2)
FNDA:2,(anonymous_3)
FNDA:2,(anonymous_4)
DA:2,1
DA:4,1
DA:6,1
DA:7,2
DA:8,2
DA:9,2
DA:11,0
DA:12,0
DA:16,1
DA:17,2
DA:18,2
DA:19,2
DA:21,0
DA:22,0
DA:26,1
DA:27,3
DA:28,3
DA:29,3
DA:30,0
DA:32,0
DA:33,0
DA:37,1
DA:38,2
DA:39,2
DA:40,2
DA:42,0
DA:43,0
DA:47,1
DA:48,2
DA:49,2
DA:50,2
DA:52,0
DA:53,0
LF:33
LH:22
BRDA:29,0,0,3
BRDA:29,0,1,0
BRF:2
BRH:1
end_of_record
TN:
SF:src\controllers\logisticsController.ts
FN:5,(anonymous_0)
FN:14,(anonymous_1)
FN:25,(anonymous_2)
FN:35,(anonymous_3)
FN:46,(anonymous_4)
FNF:5
FNH:5
FNDA:2,(anonymous_0)
FNDA:2,(anonymous_1)
FNDA:2,(anonymous_2)
FNDA:1,(anonymous_3)
FNDA:1,(anonymous_4)
DA:2,1
DA:4,1
DA:6,2
DA:7,2
DA:8,1
DA:10,1
DA:15,2
DA:16,2
DA:17,2
DA:18,2
DA:19,1
DA:21,0
DA:26,2
DA:27,2
DA:28,2
DA:29,1
DA:31,1
DA:36,1
DA:37,1
DA:38,1
DA:39,1
DA:40,1
DA:42,0
DA:47,1
DA:48,1
DA:49,1
DA:50,1
DA:52,0
LF:28
LH:25
BRDA:18,0,0,1
BRDA:18,0,1,1
BRF:2
BRH:2
end_of_record
TN:
SF:src\controllers\marketController.ts
FN:4,(anonymous_9)
FNF:1
FNH:1
FNDA:2,(anonymous_9)
DA:2,1
DA:4,1
DA:5,2
DA:6,2
DA:7,1
DA:9,1
LF:6
LH:6
BRF:0
BRH:0
end_of_record
TN:
SF:src\controllers\orderController.ts
FN:5,(anonymous_9)
FN:15,(anonymous_10)
FN:29,(anonymous_11)
FN:43,(anonymous_12)
FN:55,(anonymous_13)
FN:66,(anonymous_14)
FNF:6
FNH:6
FNDA:2,(anonymous_9)
FNDA:2,(anonymous_10)
FNDA:2,(anonymous_11)
FNDA:2,(anonymous_12)
FNDA:1,(anonymous_13)
FNDA:1,(anonymous_14)
DA:2,3
DA:5,3
DA:6,2
DA:7,2
DA:8,1
DA:10,1
DA:15,3
DA:16,2
DA:17,2
DA:18,2
DA:19,1
DA:21,1
DA:22,1
DA:24,0
DA:29,3
DA:30,2
DA:31,2
DA:32,2
DA:33,1
DA:35,1
DA:36,1
DA:38,0
DA:43,3
DA:44,2
DA:45,2
DA:46,2
DA:47,2
DA:48,1
DA:50,0
DA:55,3
DA:56,1
DA:57,1
DA:58,1
DA:59,1
DA:61,0
DA:66,3
DA:67,1
DA:68,1
DA:69,1
DA:70,1
DA:72,0
LF:41
LH:36
BRDA:18,0,0,1
BRDA:18,0,1,1
BRDA:32,1,0,1
BRDA:32,1,1,1
BRDA:47,2,0,1
BRDA:47,2,1,1
BRF:6
BRH:6
end_of_record
TN:
SF:src\controllers\paymentController.ts
FN:5,(anonymous_0)
FN:10,(anonymous_1)
FN:15,(anonymous_2)
FN:24,(anonymous_3)
FN:29,(anonymous_4)
FN:34,(anonymous_5)
FNF:6
FNH:6
FNDA:1,(anonymous_0)
FNDA:2,(anonymous_1)
FNDA:2,(anonymous_2)
FNDA:1,(anonymous_3)
FNDA:1,(anonymous_4)
FNDA:1,(anonymous_5)
DA:2,2
DA:4,2
DA:6,1
DA:7,1
DA:11,2
DA:12,2
DA:16,2
DA:17,2
DA:18,1
DA:20,1
DA:21,1
DA:25,1
DA:26,1
DA:30,1
DA:31,1
DA:35,1
DA:36,1
LF:17
LH:17
BRDA:12,0,0,1
BRDA:12,0,1,1
BRDA:17,1,0,1
BRDA:17,1,1,1
BRF:4
BRH:4
end_of_record
TN:
SF:src\controllers\productController.ts
FN:5,(anonymous_9)
FN:19,(anonymous_10)
FN:34,(anonymous_11)
FN:54,(anonymous_12)
FN:69,(anonymous_13)
FNF:5
FNH:5
FNDA:2,(anonymous_9)
FNDA:2,(anonymous_10)
FNDA:3,(anonymous_11)
FNDA:2,(anonymous_12)
FNDA:4,(anonymous_13)
DA:2,2
DA:5,2
DA:6,2
DA:7,2
DA:8,1
DA:10,1
DA:11,1
DA:19,2
DA:20,2
DA:21,2
DA:22,1
DA:24,1
DA:25,1
DA:34,2
DA:36,3
DA:37,3
DA:39,3
DA:41,3
DA:42,1
DA:44,2
DA:45,1
DA:46,0
DA:48,1
DA:50,1
DA:51,1
DA:54,2
DA:55,2
DA:56,2
DA:57,2
DA:59,2
DA:60,1
DA:62,1
DA:63,1
DA:69,2
DA:70,4
DA:71,4
DA:72,4
DA:74,4
DA:75,1
DA:78,3
DA:80,2
DA:81,1
DA:84,1
DA:86,1
DA:87,1
LF:45
LH:44
BRDA:41,0,0,1
BRDA:41,0,1,2
BRDA:41,1,0,3
BRDA:41,1,1,3
BRDA:45,2,0,0
BRDA:45,2,1,1
BRDA:74,3,0,1
BRDA:74,3,1,3
BRDA:74,4,0,4
BRDA:74,4,1,4
BRDA:80,5,0,1
BRDA:80,5,1,1
BRF:12
BRH:11
end_of_record
TN:
SF:src\db\config.ts
FN:33,(anonymous_1)
FNF:1
FNH:0
FNDA:0,(anonymous_1)
DA:1,24
DA:2,24
DA:3,24
DA:5,24
DA:7,24
DA:10,24
DA:11,24
DA:12,24
DA:13,24
DA:15,24
DA:33,24
DA:34,0
DA:35,0
DA:36,0
DA:37,0
DA:39,0
DA:40,0
DA:44,24
DA:45,24
LF:19
LH:13
BRF:0
BRH:0
end_of_record
TN:
SF:src\middleware\authMiddleware.ts
FN:14,(anonymous_1)
FN:36,(anonymous_2)
FN:56,(anonymous_3)
FN:67,(anonymous_4)
FNF:4
FNH:4
FNDA:3,(anonymous_1)
FNDA:4,(anonymous_2)
FNDA:3,(anonymous_3)
FNDA:3,(anonymous_4)
DA:1,6
DA:14,6
DA:15,3
DA:16,3
DA:17,1
DA:20,2
DA:21,2
DA:22,0
DA:24,2
DA:25,2
DA:26,1
DA:27,1
DA:30,1
DA:36,6
DA:38,4
DA:40,4
DA:41,2
DA:44,2
DA:46,2
DA:47,2
DA:48,1
DA:49,1
DA:51,1
DA:52,1
DA:56,6
DA:57,3
DA:58,1
DA:61,2
DA:62,1
DA:66,1
DA:67,6
DA:68,3
DA:69,1
DA:71,2
DA:72,1
DA:74,1
LF:36
LH:35
BRDA:16,0,0,1
BRDA:16,0,1,2
BRDA:16,1,0,3
BRDA:16,1,1,2
BRDA:21,2,0,0
BRDA:21,2,1,2
BRDA:40,3,0,2
BRDA:40,3,1,2
BRDA:40,4,0,4
BRDA:40,4,1,3
BRDA:57,5,0,1
BRDA:57,5,1,2
BRDA:61,6,0,1
BRDA:61,6,1,1
BRDA:68,7,0,1
BRDA:68,7,1,2
BRDA:71,8,0,1
BRDA:71,8,1,1
BRF:18
BRH:17
end_of_record
TN:
SF:src\repository\farmerRepository.ts
FN:15,(anonymous_1)
FN:20,(anonymous_2)
FN:28,(anonymous_3)
FN:37,(anonymous_4)
FN:40,(anonymous_5)
FN:50,(anonymous_6)
FN:67,(anonymous_7)
FN:81,(anonymous_8)
FN:100,(anonymous_9)
FNF:9
FNH:8
FNDA:10,(anonymous_1)
FNDA:10,(anonymous_2)
FNDA:12,(anonymous_3)
FNDA:1,(anonymous_4)
FNDA:0,(anonymous_5)
FNDA:2,(anonymous_6)
FNDA:1,(anonymous_7)
FNDA:1,(anonymous_8)
FNDA:1,(anonymous_9)
DA:1,2
DA:2,2
DA:12,2
DA:13,10
DA:21,10
DA:22,9
DA:23,9
DA:29,12
DA:30,9
DA:31,9
DA:32,9
DA:38,1
DA:39,1
DA:40,0
DA:51,2
DA:52,2
DA:55,0
DA:56,0
DA:57,0
DA:68,1
DA:69,1
DA:82,1
DA:83,1
DA:101,1
DA:102,1
LF:25
LH:21
BRDA:21,0,0,9
BRDA:21,0,1,1
BRDA:29,1,0,9
BRDA:29,1,1,3
BRDA:55,2,0,0
BRDA:55,2,1,0
BRF:6
BRH:4
end_of_record
TN:
SF:src\repository\logisticsRepository.ts
FN:13,(anonymous_0)
FN:19,(anonymous_1)
FN:28,(anonymous_2)
FN:44,(anonymous_3)
FN:66,(anonymous_4)
FNF:5
FNH:5
FNDA:1,(anonymous_0)
FNDA:1,(anonymous_1)
FNDA:1,(anonymous_2)
FNDA:1,(anonymous_3)
FNDA:1,(anonymous_4)
DA:1,3
DA:12,3
DA:14,1
DA:15,1
DA:16,1
DA:20,1
DA:21,1
DA:25,1
DA:29,1
DA:30,1
DA:41,1
DA:45,1
DA:46,1
DA:63,1
DA:67,1
DA:68,1
DA:72,1
LF:17
LH:17
BRF:0
BRH:0
end_of_record
TN:
SF:src\repository\marketRepository.ts
FN:4,(anonymous_1)
FN:8,(anonymous_2)
FNF:2
FNH:2
FNDA:1,(anonymous_1)
FNDA:1,(anonymous_2)
DA:1,3
DA:2,3
DA:4,3
DA:5,1
DA:6,1
DA:8,3
DA:9,1
DA:12,1
LF:8
LH:8
BRF:0
BRH:0
end_of_record
TN:
SF:src\repository\orderRepository.ts
FN:14,(anonymous_0)
FN:35,(anonymous_1)
FN:44,(anonymous_2)
FN:58,(anonymous_3)
FN:68,(anonymous_4)
FN:85,(anonymous_5)
FNF:6
FNH:6
FNDA:1,(anonymous_0)
FNDA:1,(anonymous_1)
FNDA:1,(anonymous_2)
FNDA:1,(anonymous_3)
FNDA:1,(anonymous_4)
FNDA:1,(anonymous_5)
DA:1,5
DA:14,5
DA:15,1
DA:16,1
DA:17,1
DA:25,1
DA:30,1
DA:31,1
DA:35,5
DA:36,1
DA:37,1
DA:40,1
DA:44,5
DA:45,1
DA:46,1
DA:54,1
DA:58,5
DA:59,1
DA:60,1
DA:64,1
DA:68,5
DA:69,1
DA:70,1
DA:81,1
DA:85,5
DA:86,1
DA:87,1
DA:88,1
LF:28
LH:28
BRF:0
BRH:0
end_of_record
TN:
SF:src\repository\paymentRepository.ts
FN:6,(anonymous_1)
FN:12,(anonymous_2)
FN:20,(anonymous_3)
FN:32,(anonymous_4)
FN:46,(anonymous_5)
FN:64,(anonymous_6)
FNF:6
FNH:6
FNDA:1,(anonymous_1)
FNDA:2,(anonymous_2)
FNDA:1,(anonymous_3)
FNDA:1,(anonymous_4)
FNDA:1,(anonymous_5)
FNDA:1,(anonymous_6)
DA:1,6
DA:3,6
DA:5,6
DA:7,1
DA:8,1
DA:9,1
DA:13,2
DA:14,2
DA:17,2
DA:21,1
DA:22,1
DA:29,1
DA:33,1
DA:34,1
DA:47,1
DA:48,1
DA:65,1
DA:66,1
LF:18
LH:18
BRDA:17,0,0,2
BRDA:17,0,1,1
BRDA:50,1,0,1
BRDA:50,1,1,1
BRDA:51,2,0,1
BRDA:51,2,1,1
BRDA:52,3,0,1
BRDA:52,3,1,1
BRDA:53,4,0,1
BRDA:53,4,1,0
BRF:10
BRH:9
end_of_record
TN:
SF:src\repository\productRepository.ts
FN:11,(anonymous_1)
FN:16,(anonymous_2)
FN:27,(anonymous_3)
FN:46,(anonymous_4)
FN:77,(anonymous_5)
FNF:5
FNH:5
FNDA:1,(anonymous_1)
FNDA:3,(anonymous_2)
FNDA:1,(anonymous_3)
FNDA:2,(anonymous_4)
FNDA:2,(anonymous_5)
DA:1,4
DA:11,4
DA:12,1
DA:13,1
DA:16,4
DA:17,3
DA:18,1
DA:21,2
DA:22,2
DA:23,2
DA:24,2
DA:27,4
DA:28,1
DA:29,1
DA:30,1
DA:31,1
DA:32,1
DA:33,1
DA:34,1
DA:36,1
DA:42,1
DA:43,1
DA:46,4
DA:47,2
DA:48,2
DA:49,2
DA:50,2
DA:51,2
DA:52,2
DA:53,2
DA:55,2
DA:73,2
DA:74,2
DA:77,4
DA:78,2
DA:79,2
DA:80,2
DA:81,2
LF:38
LH:38
BRDA:17,0,0,1
BRDA:17,0,1,2
BRDA:17,1,0,3
BRDA:17,1,1,2
BRDA:24,2,0,2
BRDA:24,2,1,1
BRDA:31,3,0,1
BRDA:31,3,1,0
BRDA:34,4,0,1
BRDA:34,4,1,0
BRDA:49,5,0,2
BRDA:49,5,1,1
BRDA:50,6,0,2
BRDA:50,6,1,2
BRDA:51,7,0,2
BRDA:51,7,1,2
BRDA:52,8,0,2
BRDA:52,8,1,0
BRDA:53,9,0,2
BRDA:53,9,1,2
BRDA:74,10,0,2
BRDA:74,10,1,1
BRF:22
BRH:19
end_of_record
TN:
SF:src\routes\adminRoutes.ts
FNF:0
FNH:0
DA:1,1
DA:2,1
DA:12,1
DA:14,1
DA:17,1
DA:20,1
DA:21,1
DA:22,1
DA:23,1
DA:26,1
DA:27,1
DA:28,1
DA:31,1
DA:33,1
LF:14
LH:14
BRF:0
BRH:0
end_of_record
TN:
SF:src\routes\authRoutes.ts
FN:10,(anonymous_1)
FN:46,(anonymous_2)
FN:93,(anonymous_3)
FNF:3
FNH:0
FNDA:0,(anonymous_1)
FNDA:0,(anonymous_2)
FNDA:0,(anonymous_3)
DA:1,0
DA:2,0
DA:3,0
DA:4,0
DA:5,0
DA:7,0
DA:10,0
DA:11,0
DA:13,0
DA:14,0
DA:15,0
DA:17,0
DA:22,0
DA:23,0
DA:26,0
DA:38,0
DA:40,0
DA:41,0
DA:46,0
DA:47,0
DA:49,0
DA:50,0
DA:51,0
DA:56,0
DA:57,0
DA:60,0
DA:61,0
DA:63,0
DA:64,0
DA:68,0
DA:75,0
DA:87,0
DA:88,0
DA:93,0
DA:95,0
DA:98,0
LF:36
LH:0
BRDA:22,0,0,0
BRDA:22,0,1,0
BRDA:56,1,0,0
BRDA:56,1,1,0
BRDA:63,2,0,0
BRDA:63,2,1,0
BRF:6
BRH:0
end_of_record
TN:
SF:src\routes\farmerRoutes.ts
FN:12,(anonymous_10)
FN:32,(anonymous_11)
FN:65,(anonymous_12)
FN:107,(anonymous_13)
FNF:4
FNH:4
FNDA:2,(anonymous_10)
FNDA:3,(anonymous_11)
FNDA:2,(anonymous_12)
FNDA:2,(anonymous_13)
DA:1,1
DA:2,1
DA:3,1
DA:4,1
DA:5,1
DA:7,1
DA:12,1
DA:13,2
DA:14,2
DA:15,2
DA:17,0
DA:22,0
DA:24,2
DA:25,2
DA:32,1
DA:33,3
DA:35,3
DA:36,1
DA:39,2
DA:40,2
DA:41,2
DA:43,0
DA:55,0
DA:57,2
DA:58,2
DA:65,1
DA:66,2
DA:67,2
DA:69,2
DA:70,2
DA:71,2
DA:74,0
DA:80,0
DA:81,0
DA:84,0
DA:97,0
DA:99,2
DA:100,2
DA:107,1
DA:108,2
DA:110,2
DA:111,2
DA:112,2
DA:115,0
DA:121,0
DA:122,0
DA:125,0
DA:127,0
DA:129,2
DA:130,2
DA:137,1
DA:139,1
LF:52
LH:38
BRDA:35,0,0,1
BRDA:35,0,1,2
BRDA:35,1,0,3
BRDA:35,1,1,3
BRDA:35,1,2,2
BRDA:49,2,0,0
BRDA:49,2,1,0
BRDA:80,3,0,0
BRDA:80,3,1,0
BRDA:90,4,0,0
BRDA:90,4,1,0
BRDA:121,5,0,0
BRDA:121,5,1,0
BRF:13
BRH:5
end_of_record
TN:
SF:src\routes\logisticsRoutes.ts
FN:6,(anonymous_1)
FNF:1
FNH:0
FNDA:0,(anonymous_1)
DA:1,0
DA:2,0
DA:4,0
DA:6,0
DA:7,0
DA:8,0
DA:9,0
DA:10,0
DA:11,0
LF:9
LH:0
BRF:0
BRH:0
end_of_record
TN:
SF:src\routes\marketRoutes.ts
FNF:0
FNH:0
DA:1,0
DA:2,0
DA:4,0
DA:6,0
DA:7,0
DA:9,0
LF:6
LH:0
BRF:0
BRH:0
end_of_record
TN:
SF:src\routes\orderRoutes.ts
FNF:0
FNH:0
DA:1,1
DA:2,1
DA:3,1
DA:5,1
DA:7,1
DA:8,1
DA:9,1
DA:10,1
DA:11,1
DA:13,1
LF:10
LH:10
BRF:0
BRH:0
end_of_record
TN:
SF:src\routes\paymentRoutes.ts
FNF:0
FNH:0
DA:1,1
DA:2,1
DA:3,1
DA:5,1
DA:7,1
DA:8,1
DA:9,1
DA:10,1
DA:11,1
DA:12,1
DA:14,1
LF:11
LH:11
BRF:0
BRH:0
end_of_record
TN:
SF:src\routes\productRoutes.ts
FNF:0
FNH:0
DA:1,1
DA:2,1
DA:3,1
DA:4,1
DA:6,1
DA:9,1
DA:10,1
DA:11,1
DA:12,1
DA:13,1
DA:14,1
LF:11
LH:11
BRF:0
BRH:0
end_of_record
TN:
SF:src\services\farmerServices.ts
FN:5,(anonymous_1)
FN:22,(anonymous_2)
FN:28,(anonymous_3)
FN:36,(anonymous_4)
FN:57,(anonymous_5)
FNF:5
FNH:5
FNDA:1,(anonymous_1)
FNDA:1,(anonymous_2)
FNDA:2,(anonymous_3)
FNDA:1,(anonymous_4)
FNDA:1,(anonymous_5)
DA:2,1
DA:5,1
DA:6,1
DA:11,1
DA:12,1
DA:13,1
DA:14,1
DA:15,1
DA:17,1
DA:18,1
DA:22,1
DA:23,1
DA:24,1
DA:28,1
DA:29,2
DA:30,2
DA:31,2
DA:32,2
DA:36,1
DA:37,1
DA:45,1
DA:46,1
DA:47,1
DA:48,1
DA:49,1
DA:50,1
DA:52,1
DA:53,1
DA:57,1
DA:58,1
DA:59,1
DA:60,1
DA:61,1
LF:33
LH:33
BRDA:32,0,0,2
BRDA:32,0,1,1
BRF:2
BRH:2
end_of_record
TN:
SF:src\services\logisticsServices.ts
FN:4,(anonymous_0)
FN:8,(anonymous_1)
FN:12,(anonymous_2)
FN:19,(anonymous_3)
FN:25,(anonymous_4)
FNF:5
FNH:5
FNDA:1,(anonymous_0)
FNDA:1,(anonymous_1)
FNDA:2,(anonymous_2)
FNDA:2,(anonymous_3)
FNDA:2,(anonymous_4)
DA:1,2
DA:3,2
DA:5,1
DA:9,1
DA:13,2
DA:14,1
DA:16,1
DA:20,2
DA:21,2
DA:22,1
DA:26,2
DA:27,2
DA:28,1
LF:13
LH:13
BRDA:13,0,0,1
BRDA:13,0,1,1
BRDA:13,1,0,2
BRDA:13,1,1,2
BRDA:13,1,2,1
BRDA:21,2,0,1
BRDA:21,2,1,1
BRDA:27,3,0,1
BRDA:27,3,1,1
BRF:9
BRH:9
end_of_record
TN:
SF:src\services\marketServices.ts
FN:3,(anonymous_9)
FN:5,(anonymous_10)
FN:11,getallMarket
FNF:3
FNH:3
FNDA:1,(anonymous_9)
FNDA:2,(anonymous_10)
FNDA:1,getallMarket
DA:1,2
DA:3,2
DA:5,2
DA:6,2
DA:7,2
DA:8,1
DA:11,2
DA:12,1
LF:8
LH:8
BRDA:7,0,0,1
BRDA:7,0,1,1
BRF:2
BRH:2
end_of_record
TN:
SF:src\services\orderServices.ts
FN:3,(anonymous_9)
FN:7,(anonymous_10)
FN:11,(anonymous_11)
FN:15,(anonymous_12)
FN:19,(anonymous_13)
FN:23,(anonymous_14)
FNF:6
FNH:6
FNDA:1,(anonymous_9)
FNDA:1,(anonymous_10)
FNDA:1,(anonymous_11)
FNDA:1,(anonymous_12)
FNDA:1,(anonymous_13)
FNDA:1,(anonymous_14)
DA:1,4
DA:3,4
DA:4,1
DA:7,4
DA:8,1
DA:11,4
DA:12,1
DA:15,4
DA:16,1
DA:19,4
DA:20,1
DA:23,4
DA:24,1
LF:13
LH:13
BRF:0
BRH:0
end_of_record
TN:
SF:src\services\paymentServices.ts
FN:5,(anonymous_0)
FN:6,(anonymous_1)
FN:7,(anonymous_2)
FN:8,(anonymous_3)
FN:9,(anonymous_4)
FN:10,(anonymous_5)
FNF:6
FNH:6
FNDA:1,(anonymous_0)
FNDA:2,(anonymous_1)
FNDA:1,(anonymous_2)
FNDA:1,(anonymous_3)
FNDA:1,(anonymous_4)
FNDA:1,(anonymous_5)
DA:1,5
DA:4,5
DA:5,1
DA:6,2
DA:7,1
DA:8,1
DA:9,1
DA:10,1
LF:8
LH:8
BRF:0
BRH:0
end_of_record
TN:
SF:src\services\productServices.ts
FN:3,(anonymous_9)
FN:12,(anonymous_10)
FN:16,(anonymous_11)
FN:28,(anonymous_12)
FN:44,(anonymous_13)
FNF:5
FNH:5
FNDA:3,(anonymous_9)
FNDA:1,(anonymous_10)
FNDA:3,(anonymous_11)
FNDA:4,(anonymous_12)
FNDA:3,(anonymous_13)
DA:1,3
DA:3,3
DA:4,3
DA:5,2
DA:8,1
DA:9,1
DA:12,3
DA:13,1
DA:16,3
DA:17,3
DA:18,1
DA:21,2
DA:22,2
DA:23,1
DA:26,1
DA:28,3
DA:29,4
DA:30,1
DA:33,3
DA:34,3
DA:35,1
DA:37,2
DA:38,0
DA:41,2
DA:42,2
DA:44,3
DA:45,3
DA:47,2
DA:48,2
DA:50,1
DA:51,1
LF:31
LH:30
BRDA:4,0,0,2
BRDA:4,0,1,1
BRDA:4,1,0,3
BRDA:4,1,1,2
BRDA:17,2,0,1
BRDA:17,2,1,2
BRDA:22,3,0,1
BRDA:22,3,1,1
BRDA:29,4,0,1
BRDA:29,4,1,3
BRDA:34,5,0,1
BRDA:34,5,1,2
BRDA:37,6,0,0
BRDA:37,6,1,2
BRDA:37,7,0,2
BRDA:37,7,1,1
BRDA:45,8,0,1
BRDA:45,8,1,2
BRDA:48,9,0,1
BRDA:48,9,1,1
BRF:20
BRH:19
end_of_record
