{"C:\\Users\\ELVO\\Desktop\\Farmers Digital Market\\src\\index.ts": {"path":"C:\\Users\\ELVO\\Desktop\\Farmers Digital Market\\src\\index.ts","statementMap":{"0":{"start":{"line":1,"column":0},"end":{"line":1,"column":66}},"1":{"start":{"line":2,"column":0},"end":{"line":2,"column":28}},"2":{"start":{"line":3,"column":0},"end":{"line":3,"column":51}},"3":{"start":{"line":4,"column":0},"end":{"line":4,"column":36}},"4":{"start":{"line":5,"column":0},"end":{"line":5,"column":24}},"5":{"start":{"line":6,"column":0},"end":{"line":6,"column":45}},"6":{"start":{"line":7,"column":0},"end":{"line":7,"column":50}},"7":{"start":{"line":8,"column":0},"end":{"line":8,"column":48}},"8":{"start":{"line":9,"column":0},"end":{"line":9,"column":48}},"9":{"start":{"line":10,"column":0},"end":{"line":10,"column":46}},"10":{"start":{"line":11,"column":0},"end":{"line":11,"column":46}},"11":{"start":{"line":13,"column":0},"end":{"line":13,"column":16}},"12":{"start":{"line":15,"column":25},"end":{"line":15,"column":34}},"13":{"start":{"line":16,"column":13},"end":{"line":16,"column":37}},"14":{"start":{"line":17,"column":0},"end":{"line":24,"column":2}},"15":{"start":{"line":31,"column":0},"end":{"line":31,"column":24}},"16":{"start":{"line":35,"column":0},"end":{"line":35,"column":40}},"17":{"start":{"line":36,"column":0},"end":{"line":36,"column":null}},"18":{"start":{"line":37,"column":0},"end":{"line":37,"column":null}},"19":{"start":{"line":38,"column":0},"end":{"line":38,"column":null}},"20":{"start":{"line":39,"column":0},"end":{"line":39,"column":null}},"21":{"start":{"line":40,"column":0},"end":{"line":40,"column":null}},"22":{"start":{"line":41,"column":0},"end":{"line":41,"column":null}},"23":{"start":{"line":45,"column":0},"end":{"line":47,"column":3}},"24":{"start":{"line":46,"column":2},"end":{"line":46,"column":58}},"25":{"start":{"line":50,"column":0},"end":{"line":57,"column":3}},"26":{"start":{"line":51,"column":2},"end":{"line":56,"column":3}},"27":{"start":{"line":52,"column":4},"end":{"line":52,"column":22}},"28":{"start":{"line":53,"column":4},"end":{"line":53,"column":62}},"29":{"start":{"line":55,"column":4},"end":{"line":55,"column":52}}},"fnMap":{"0":{"name":"(anonymous_1)","decl":{"start":{"line":45,"column":13},"end":{"line":45,"column":14}},"loc":{"start":{"line":45,"column":45},"end":{"line":47,"column":1}}},"1":{"name":"(anonymous_2)","decl":{"start":{"line":50,"column":17},"end":{"line":50,"column":22}},"loc":{"start":{"line":50,"column":28},"end":{"line":57,"column":1}}}},"branchMap":{"0":{"loc":{"start":{"line":16,"column":13},"end":{"line":16,"column":37}},"type":"binary-expr","locations":[{"start":{"line":16,"column":13},"end":{"line":16,"column":29}},{"start":{"line":16,"column":33},"end":{"line":16,"column":37}}]}},"s":{"0":0,"1":0,"2":0,"3":0,"4":0,"5":0,"6":0,"7":0,"8":0,"9":0,"10":0,"11":0,"12":0,"13":0,"14":0,"15":0,"16":0,"17":0,"18":0,"19":0,"20":0,"21":0,"22":0,"23":0,"24":0,"25":0,"26":0,"27":0,"28":0,"29":0},"f":{"0":0,"1":0},"b":{"0":[0,0]}}
,"C:\\Users\\ELVO\\Desktop\\Farmers Digital Market\\src\\controllers\\adminController.ts": {"path":"C:\\Users\\ELVO\\Desktop\\Farmers Digital Market\\src\\controllers\\adminController.ts","statementMap":{"0":{"start":{"line":2,"column":0},"end":{"line":2,"column":31}},"1":{"start":{"line":3,"column":0},"end":{"line":3,"column":61}},"2":{"start":{"line":8,"column":28},"end":{"line":22,"column":1}},"3":{"start":{"line":9,"column":2},"end":{"line":21,"column":3}},"4":{"start":{"line":10,"column":19},"end":{"line":16,"column":6}},"5":{"start":{"line":18,"column":4},"end":{"line":18,"column":31}},"6":{"start":{"line":20,"column":4},"end":{"line":20,"column":76}},"7":{"start":{"line":8,"column":13},"end":{"line":8,"column":28}},"8":{"start":{"line":27,"column":42},"end":{"line":42,"column":1}},"9":{"start":{"line":28,"column":2},"end":{"line":41,"column":3}},"10":{"start":{"line":29,"column":19},"end":{"line":36,"column":6}},"11":{"start":{"line":38,"column":4},"end":{"line":38,"column":31}},"12":{"start":{"line":40,"column":4},"end":{"line":40,"column":84}},"13":{"start":{"line":27,"column":13},"end":{"line":27,"column":42}},"14":{"start":{"line":47,"column":33},"end":{"line":62,"column":1}},"15":{"start":{"line":48,"column":2},"end":{"line":61,"column":3}},"16":{"start":{"line":49,"column":19},"end":{"line":49,"column":29}},"17":{"start":{"line":50,"column":23},"end":{"line":50,"column":31}},"18":{"start":{"line":52,"column":4},"end":{"line":56,"column":6}},"19":{"start":{"line":58,"column":4},"end":{"line":58,"column":63}},"20":{"start":{"line":60,"column":4},"end":{"line":60,"column":83}},"21":{"start":{"line":47,"column":13},"end":{"line":47,"column":33}},"22":{"start":{"line":67,"column":30},"end":{"line":91,"column":1}},"23":{"start":{"line":68,"column":2},"end":{"line":90,"column":3}},"24":{"start":{"line":69,"column":19},"end":{"line":69,"column":29}},"25":{"start":{"line":72,"column":4},"end":{"line":76,"column":6}},"26":{"start":{"line":79,"column":4},"end":{"line":85,"column":7}},"27":{"start":{"line":87,"column":4},"end":{"line":87,"column":59}},"28":{"start":{"line":89,"column":4},"end":{"line":89,"column":79}},"29":{"start":{"line":67,"column":13},"end":{"line":67,"column":30}},"30":{"start":{"line":96,"column":28},"end":{"line":118,"column":1}},"31":{"start":{"line":97,"column":2},"end":{"line":117,"column":3}},"32":{"start":{"line":98,"column":29},"end":{"line":98,"column":39}},"33":{"start":{"line":99,"column":88},"end":{"line":99,"column":96}},"34":{"start":{"line":102,"column":19},"end":{"line":105,"column":6}},"35":{"start":{"line":108,"column":4},"end":{"line":112,"column":6}},"36":{"start":{"line":114,"column":4},"end":{"line":114,"column":58}},"37":{"start":{"line":116,"column":4},"end":{"line":116,"column":77}},"38":{"start":{"line":96,"column":13},"end":{"line":96,"column":28}},"39":{"start":{"line":123,"column":35},"end":{"line":137,"column":1}},"40":{"start":{"line":124,"column":2},"end":{"line":136,"column":3}},"41":{"start":{"line":125,"column":19},"end":{"line":125,"column":29}},"42":{"start":{"line":127,"column":19},"end":{"line":131,"column":6}},"43":{"start":{"line":133,"column":4},"end":{"line":133,"column":34}},"44":{"start":{"line":135,"column":4},"end":{"line":135,"column":77}},"45":{"start":{"line":123,"column":13},"end":{"line":123,"column":35}},"46":{"start":{"line":142,"column":31},"end":{"line":155,"column":1}},"47":{"start":{"line":143,"column":2},"end":{"line":154,"column":3}},"48":{"start":{"line":144,"column":19},"end":{"line":149,"column":6}},"49":{"start":{"line":151,"column":4},"end":{"line":151,"column":31}},"50":{"start":{"line":153,"column":4},"end":{"line":153,"column":79}},"51":{"start":{"line":142,"column":13},"end":{"line":142,"column":31}},"52":{"start":{"line":160,"column":29},"end":{"line":170,"column":1}},"53":{"start":{"line":161,"column":2},"end":{"line":169,"column":3}},"54":{"start":{"line":162,"column":19},"end":{"line":164,"column":6}},"55":{"start":{"line":166,"column":4},"end":{"line":166,"column":31}},"56":{"start":{"line":168,"column":4},"end":{"line":168,"column":77}},"57":{"start":{"line":160,"column":13},"end":{"line":160,"column":29}}},"fnMap":{"0":{"name":"(anonymous_1)","decl":{"start":{"line":8,"column":28},"end":{"line":8,"column":33}},"loc":{"start":{"line":8,"column":66},"end":{"line":22,"column":1}}},"1":{"name":"(anonymous_2)","decl":{"start":{"line":27,"column":42},"end":{"line":27,"column":47}},"loc":{"start":{"line":27,"column":80},"end":{"line":42,"column":1}}},"2":{"name":"(anonymous_3)","decl":{"start":{"line":47,"column":33},"end":{"line":47,"column":38}},"loc":{"start":{"line":47,"column":71},"end":{"line":62,"column":1}}},"3":{"name":"(anonymous_4)","decl":{"start":{"line":67,"column":30},"end":{"line":67,"column":35}},"loc":{"start":{"line":67,"column":68},"end":{"line":91,"column":1}}},"4":{"name":"(anonymous_5)","decl":{"start":{"line":96,"column":28},"end":{"line":96,"column":33}},"loc":{"start":{"line":96,"column":66},"end":{"line":118,"column":1}}},"5":{"name":"(anonymous_6)","decl":{"start":{"line":123,"column":35},"end":{"line":123,"column":40}},"loc":{"start":{"line":123,"column":73},"end":{"line":137,"column":1}}},"6":{"name":"(anonymous_7)","decl":{"start":{"line":142,"column":31},"end":{"line":142,"column":36}},"loc":{"start":{"line":142,"column":69},"end":{"line":155,"column":1}}},"7":{"name":"(anonymous_8)","decl":{"start":{"line":160,"column":29},"end":{"line":160,"column":34}},"loc":{"start":{"line":160,"column":67},"end":{"line":170,"column":1}}}},"branchMap":{},"s":{"0":3,"1":3,"2":3,"3":1,"4":1,"5":1,"6":1,"7":3,"8":3,"9":0,"10":0,"11":0,"12":0,"13":3,"14":3,"15":1,"16":1,"17":1,"18":1,"19":1,"20":0,"21":3,"22":3,"23":0,"24":0,"25":0,"26":0,"27":0,"28":0,"29":3,"30":3,"31":0,"32":0,"33":0,"34":0,"35":0,"36":0,"37":0,"38":3,"39":3,"40":0,"41":0,"42":0,"43":0,"44":0,"45":3,"46":3,"47":0,"48":0,"49":0,"50":0,"51":3,"52":3,"53":0,"54":0,"55":0,"56":0,"57":3},"f":{"0":1,"1":0,"2":1,"3":0,"4":0,"5":0,"6":0,"7":0},"b":{}}
,"C:\\Users\\ELVO\\Desktop\\Farmers Digital Market\\src\\controllers\\farmerController.ts": {"path":"C:\\Users\\ELVO\\Desktop\\Farmers Digital Market\\src\\controllers\\farmerController.ts","statementMap":{"0":{"start":{"line":2,"column":0},"end":{"line":2,"column":66}},"1":{"start":{"line":4,"column":19},"end":{"line":4,"column":41}},"2":{"start":{"line":6,"column":29},"end":{"line":14,"column":1}},"3":{"start":{"line":7,"column":2},"end":{"line":13,"column":3}},"4":{"start":{"line":8,"column":20},"end":{"line":8,"column":52}},"5":{"start":{"line":9,"column":4},"end":{"line":9,"column":22}},"6":{"start":{"line":11,"column":4},"end":{"line":11,"column":23}},"7":{"start":{"line":12,"column":4},"end":{"line":12,"column":64}},"8":{"start":{"line":6,"column":13},"end":{"line":6,"column":29}},"9":{"start":{"line":16,"column":25},"end":{"line":24,"column":1}},"10":{"start":{"line":17,"column":2},"end":{"line":23,"column":3}},"11":{"start":{"line":18,"column":4},"end":{"line":18,"column":41}},"12":{"start":{"line":19,"column":4},"end":{"line":19,"column":54}},"13":{"start":{"line":21,"column":4},"end":{"line":21,"column":23}},"14":{"start":{"line":22,"column":4},"end":{"line":22,"column":48}},"15":{"start":{"line":16,"column":13},"end":{"line":16,"column":25}},"16":{"start":{"line":26,"column":29},"end":{"line":35,"column":1}},"17":{"start":{"line":27,"column":2},"end":{"line":34,"column":3}},"18":{"start":{"line":28,"column":19},"end":{"line":28,"column":74}},"19":{"start":{"line":29,"column":4},"end":{"line":29,"column":65}},"20":{"start":{"line":29,"column":17},"end":{"line":29,"column":65}},"21":{"start":{"line":30,"column":4},"end":{"line":30,"column":21}},"22":{"start":{"line":32,"column":4},"end":{"line":32,"column":23}},"23":{"start":{"line":33,"column":4},"end":{"line":33,"column":50}},"24":{"start":{"line":26,"column":13},"end":{"line":26,"column":29}},"25":{"start":{"line":37,"column":28},"end":{"line":45,"column":1}},"26":{"start":{"line":38,"column":2},"end":{"line":44,"column":3}},"27":{"start":{"line":39,"column":4},"end":{"line":39,"column":69}},"28":{"start":{"line":40,"column":4},"end":{"line":40,"column":44}},"29":{"start":{"line":42,"column":4},"end":{"line":42,"column":23}},"30":{"start":{"line":43,"column":4},"end":{"line":43,"column":50}},"31":{"start":{"line":37,"column":13},"end":{"line":37,"column":28}},"32":{"start":{"line":47,"column":28},"end":{"line":55,"column":1}},"33":{"start":{"line":48,"column":2},"end":{"line":54,"column":3}},"34":{"start":{"line":49,"column":4},"end":{"line":49,"column":59}},"35":{"start":{"line":50,"column":4},"end":{"line":50,"column":44}},"36":{"start":{"line":52,"column":4},"end":{"line":52,"column":23}},"37":{"start":{"line":53,"column":4},"end":{"line":53,"column":50}},"38":{"start":{"line":47,"column":13},"end":{"line":47,"column":28}}},"fnMap":{"0":{"name":"(anonymous_0)","decl":{"start":{"line":6,"column":29},"end":{"line":6,"column":34}},"loc":{"start":{"line":6,"column":67},"end":{"line":14,"column":1}}},"1":{"name":"(anonymous_1)","decl":{"start":{"line":16,"column":25},"end":{"line":16,"column":30}},"loc":{"start":{"line":16,"column":63},"end":{"line":24,"column":1}}},"2":{"name":"(anonymous_2)","decl":{"start":{"line":26,"column":29},"end":{"line":26,"column":34}},"loc":{"start":{"line":26,"column":67},"end":{"line":35,"column":1}}},"3":{"name":"(anonymous_3)","decl":{"start":{"line":37,"column":28},"end":{"line":37,"column":33}},"loc":{"start":{"line":37,"column":66},"end":{"line":45,"column":1}}},"4":{"name":"(anonymous_4)","decl":{"start":{"line":47,"column":28},"end":{"line":47,"column":33}},"loc":{"start":{"line":47,"column":66},"end":{"line":55,"column":1}}}},"branchMap":{"0":{"loc":{"start":{"line":29,"column":4},"end":{"line":29,"column":65}},"type":"if","locations":[{"start":{"line":29,"column":4},"end":{"line":29,"column":65}},{"start":{},"end":{}}]}},"s":{"0":0,"1":0,"2":0,"3":0,"4":0,"5":0,"6":0,"7":0,"8":0,"9":0,"10":0,"11":0,"12":0,"13":0,"14":0,"15":0,"16":0,"17":0,"18":0,"19":0,"20":0,"21":0,"22":0,"23":0,"24":0,"25":0,"26":0,"27":0,"28":0,"29":0,"30":0,"31":0,"32":0,"33":0,"34":0,"35":0,"36":0,"37":0,"38":0},"f":{"0":0,"1":0,"2":0,"3":0,"4":0},"b":{"0":[0,0]}}
,"C:\\Users\\ELVO\\Desktop\\Farmers Digital Market\\src\\controllers\\logisticsController.ts": {"path":"C:\\Users\\ELVO\\Desktop\\Farmers Digital Market\\src\\controllers\\logisticsController.ts","statementMap":{"0":{"start":{"line":2,"column":0},"end":{"line":2,"column":65}},"1":{"start":{"line":4,"column":13},"end":{"line":55,"column":2}},"2":{"start":{"line":6,"column":4},"end":{"line":11,"column":5}},"3":{"start":{"line":7,"column":24},"end":{"line":7,"column":64}},"4":{"start":{"line":8,"column":6},"end":{"line":8,"column":38}},"5":{"start":{"line":10,"column":6},"end":{"line":10,"column":53}},"6":{"start":{"line":15,"column":4},"end":{"line":22,"column":5}},"7":{"start":{"line":16,"column":17},"end":{"line":16,"column":40}},"8":{"start":{"line":17,"column":21},"end":{"line":17,"column":64}},"9":{"start":{"line":18,"column":6},"end":{"line":18,"column":83}},"10":{"start":{"line":18,"column":19},"end":{"line":18,"column":83}},"11":{"start":{"line":19,"column":6},"end":{"line":19,"column":35}},"12":{"start":{"line":21,"column":6},"end":{"line":21,"column":53}},"13":{"start":{"line":26,"column":4},"end":{"line":32,"column":5}},"14":{"start":{"line":27,"column":21},"end":{"line":27,"column":29}},"15":{"start":{"line":28,"column":21},"end":{"line":28,"column":67}},"16":{"start":{"line":29,"column":6},"end":{"line":29,"column":35}},"17":{"start":{"line":31,"column":6},"end":{"line":31,"column":53}},"18":{"start":{"line":36,"column":4},"end":{"line":43,"column":5}},"19":{"start":{"line":37,"column":17},"end":{"line":37,"column":40}},"20":{"start":{"line":38,"column":21},"end":{"line":38,"column":29}},"21":{"start":{"line":39,"column":21},"end":{"line":39,"column":71}},"22":{"start":{"line":40,"column":6},"end":{"line":40,"column":35}},"23":{"start":{"line":42,"column":6},"end":{"line":42,"column":53}},"24":{"start":{"line":47,"column":4},"end":{"line":53,"column":5}},"25":{"start":{"line":48,"column":17},"end":{"line":48,"column":40}},"26":{"start":{"line":49,"column":21},"end":{"line":49,"column":63}},"27":{"start":{"line":50,"column":6},"end":{"line":50,"column":35}},"28":{"start":{"line":52,"column":6},"end":{"line":52,"column":53}}},"fnMap":{"0":{"name":"(anonymous_0)","decl":{"start":{"line":5,"column":2},"end":{"line":5,"column":7}},"loc":{"start":{"line":5,"column":42},"end":{"line":12,"column":3}}},"1":{"name":"(anonymous_1)","decl":{"start":{"line":14,"column":2},"end":{"line":14,"column":7}},"loc":{"start":{"line":14,"column":43},"end":{"line":23,"column":3}}},"2":{"name":"(anonymous_2)","decl":{"start":{"line":25,"column":2},"end":{"line":25,"column":7}},"loc":{"start":{"line":25,"column":42},"end":{"line":33,"column":3}}},"3":{"name":"(anonymous_3)","decl":{"start":{"line":35,"column":2},"end":{"line":35,"column":7}},"loc":{"start":{"line":35,"column":42},"end":{"line":44,"column":3}}},"4":{"name":"(anonymous_4)","decl":{"start":{"line":46,"column":2},"end":{"line":46,"column":7}},"loc":{"start":{"line":46,"column":42},"end":{"line":54,"column":3}}}},"branchMap":{"0":{"loc":{"start":{"line":18,"column":6},"end":{"line":18,"column":83}},"type":"if","locations":[{"start":{"line":18,"column":6},"end":{"line":18,"column":83}},{"start":{},"end":{}}]}},"s":{"0":0,"1":0,"2":0,"3":0,"4":0,"5":0,"6":0,"7":0,"8":0,"9":0,"10":0,"11":0,"12":0,"13":0,"14":0,"15":0,"16":0,"17":0,"18":0,"19":0,"20":0,"21":0,"22":0,"23":0,"24":0,"25":0,"26":0,"27":0,"28":0},"f":{"0":0,"1":0,"2":0,"3":0,"4":0},"b":{"0":[0,0]}}
,"C:\\Users\\ELVO\\Desktop\\Farmers Digital Market\\src\\controllers\\marketController.ts": {"path":"C:\\Users\\ELVO\\Desktop\\Farmers Digital Market\\src\\controllers\\marketController.ts","statementMap":{"0":{"start":{"line":2,"column":0},"end":{"line":2,"column":60}},"1":{"start":{"line":4,"column":26},"end":{"line":11,"column":1}},"2":{"start":{"line":5,"column":2},"end":{"line":10,"column":3}},"3":{"start":{"line":6,"column":20},"end":{"line":6,"column":54}},"4":{"start":{"line":7,"column":4},"end":{"line":7,"column":35}},"5":{"start":{"line":9,"column":4},"end":{"line":9,"column":52}},"6":{"start":{"line":4,"column":13},"end":{"line":4,"column":26}}},"fnMap":{"0":{"name":"(anonymous_9)","decl":{"start":{"line":4,"column":26},"end":{"line":4,"column":31}},"loc":{"start":{"line":4,"column":79},"end":{"line":11,"column":1}}}},"branchMap":{},"s":{"0":0,"1":0,"2":0,"3":0,"4":0,"5":0,"6":0},"f":{"0":0},"b":{}}
,"C:\\Users\\ELVO\\Desktop\\Farmers Digital Market\\src\\controllers\\orderController.ts": {"path":"C:\\Users\\ELVO\\Desktop\\Farmers Digital Market\\src\\controllers\\orderController.ts","statementMap":{"0":{"start":{"line":2,"column":0},"end":{"line":2,"column":58}},"1":{"start":{"line":5,"column":27},"end":{"line":12,"column":1}},"2":{"start":{"line":6,"column":2},"end":{"line":11,"column":3}},"3":{"start":{"line":7,"column":19},"end":{"line":7,"column":59}},"4":{"start":{"line":8,"column":4},"end":{"line":8,"column":33}},"5":{"start":{"line":10,"column":4},"end":{"line":10,"column":51}},"6":{"start":{"line":5,"column":13},"end":{"line":5,"column":27}},"7":{"start":{"line":15,"column":25},"end":{"line":26,"column":1}},"8":{"start":{"line":16,"column":2},"end":{"line":25,"column":3}},"9":{"start":{"line":17,"column":20},"end":{"line":17,"column":44}},"10":{"start":{"line":18,"column":4},"end":{"line":20,"column":5}},"11":{"start":{"line":19,"column":6},"end":{"line":19,"column":71}},"12":{"start":{"line":21,"column":19},"end":{"line":21,"column":55}},"13":{"start":{"line":22,"column":4},"end":{"line":22,"column":33}},"14":{"start":{"line":24,"column":4},"end":{"line":24,"column":51}},"15":{"start":{"line":15,"column":13},"end":{"line":15,"column":25}},"16":{"start":{"line":29,"column":33},"end":{"line":40,"column":1}},"17":{"start":{"line":30,"column":2},"end":{"line":39,"column":3}},"18":{"start":{"line":31,"column":22},"end":{"line":31,"column":46}},"19":{"start":{"line":32,"column":4},"end":{"line":34,"column":5}},"20":{"start":{"line":33,"column":6},"end":{"line":33,"column":71}},"21":{"start":{"line":35,"column":19},"end":{"line":35,"column":65}},"22":{"start":{"line":36,"column":4},"end":{"line":36,"column":33}},"23":{"start":{"line":38,"column":4},"end":{"line":38,"column":51}},"24":{"start":{"line":29,"column":13},"end":{"line":29,"column":33}},"25":{"start":{"line":43,"column":28},"end":{"line":52,"column":1}},"26":{"start":{"line":44,"column":2},"end":{"line":51,"column":3}},"27":{"start":{"line":45,"column":15},"end":{"line":45,"column":38}},"28":{"start":{"line":46,"column":18},"end":{"line":46,"column":53}},"29":{"start":{"line":47,"column":4},"end":{"line":47,"column":76}},"30":{"start":{"line":47,"column":16},"end":{"line":47,"column":76}},"31":{"start":{"line":48,"column":4},"end":{"line":48,"column":32}},"32":{"start":{"line":50,"column":4},"end":{"line":50,"column":51}},"33":{"start":{"line":43,"column":13},"end":{"line":43,"column":28}},"34":{"start":{"line":55,"column":27},"end":{"line":63,"column":1}},"35":{"start":{"line":56,"column":2},"end":{"line":62,"column":3}},"36":{"start":{"line":57,"column":15},"end":{"line":57,"column":38}},"37":{"start":{"line":58,"column":19},"end":{"line":58,"column":63}},"38":{"start":{"line":59,"column":4},"end":{"line":59,"column":33}},"39":{"start":{"line":61,"column":4},"end":{"line":61,"column":51}},"40":{"start":{"line":55,"column":13},"end":{"line":55,"column":27}},"41":{"start":{"line":66,"column":27},"end":{"line":74,"column":1}},"42":{"start":{"line":67,"column":2},"end":{"line":73,"column":3}},"43":{"start":{"line":68,"column":15},"end":{"line":68,"column":38}},"44":{"start":{"line":69,"column":19},"end":{"line":69,"column":53}},"45":{"start":{"line":70,"column":4},"end":{"line":70,"column":33}},"46":{"start":{"line":72,"column":4},"end":{"line":72,"column":51}},"47":{"start":{"line":66,"column":13},"end":{"line":66,"column":27}}},"fnMap":{"0":{"name":"(anonymous_9)","decl":{"start":{"line":5,"column":27},"end":{"line":5,"column":32}},"loc":{"start":{"line":5,"column":65},"end":{"line":12,"column":1}}},"1":{"name":"(anonymous_10)","decl":{"start":{"line":15,"column":25},"end":{"line":15,"column":30}},"loc":{"start":{"line":15,"column":63},"end":{"line":26,"column":1}}},"2":{"name":"(anonymous_11)","decl":{"start":{"line":29,"column":33},"end":{"line":29,"column":38}},"loc":{"start":{"line":29,"column":71},"end":{"line":40,"column":1}}},"3":{"name":"(anonymous_12)","decl":{"start":{"line":43,"column":28},"end":{"line":43,"column":33}},"loc":{"start":{"line":43,"column":66},"end":{"line":52,"column":1}}},"4":{"name":"(anonymous_13)","decl":{"start":{"line":55,"column":27},"end":{"line":55,"column":32}},"loc":{"start":{"line":55,"column":65},"end":{"line":63,"column":1}}},"5":{"name":"(anonymous_14)","decl":{"start":{"line":66,"column":27},"end":{"line":66,"column":32}},"loc":{"start":{"line":66,"column":65},"end":{"line":74,"column":1}}}},"branchMap":{"0":{"loc":{"start":{"line":18,"column":4},"end":{"line":20,"column":5}},"type":"if","locations":[{"start":{"line":18,"column":4},"end":{"line":20,"column":5}},{"start":{},"end":{}}]},"1":{"loc":{"start":{"line":32,"column":4},"end":{"line":34,"column":5}},"type":"if","locations":[{"start":{"line":32,"column":4},"end":{"line":34,"column":5}},{"start":{},"end":{}}]},"2":{"loc":{"start":{"line":47,"column":4},"end":{"line":47,"column":76}},"type":"if","locations":[{"start":{"line":47,"column":4},"end":{"line":47,"column":76}},{"start":{},"end":{}}]}},"s":{"0":3,"1":3,"2":1,"3":1,"4":1,"5":0,"6":3,"7":3,"8":1,"9":1,"10":1,"11":0,"12":1,"13":1,"14":0,"15":3,"16":3,"17":0,"18":0,"19":0,"20":0,"21":0,"22":0,"23":0,"24":3,"25":3,"26":0,"27":0,"28":0,"29":0,"30":0,"31":0,"32":0,"33":3,"34":3,"35":0,"36":0,"37":0,"38":0,"39":0,"40":3,"41":3,"42":0,"43":0,"44":0,"45":0,"46":0,"47":3},"f":{"0":1,"1":1,"2":0,"3":0,"4":0,"5":0},"b":{"0":[0,1],"1":[0,0],"2":[0,0]}}
,"C:\\Users\\ELVO\\Desktop\\Farmers Digital Market\\src\\controllers\\paymentController.ts": {"path":"C:\\Users\\ELVO\\Desktop\\Farmers Digital Market\\src\\controllers\\paymentController.ts","statementMap":{"0":{"start":{"line":2,"column":0},"end":{"line":2,"column":61}},"1":{"start":{"line":4,"column":13},"end":{"line":38,"column":2}},"2":{"start":{"line":6,"column":21},"end":{"line":6,"column":50}},"3":{"start":{"line":7,"column":4},"end":{"line":7,"column":23}},"4":{"start":{"line":11,"column":20},"end":{"line":11,"column":71}},"5":{"start":{"line":12,"column":4},"end":{"line":12,"column":76}},"6":{"start":{"line":16,"column":20},"end":{"line":16,"column":44}},"7":{"start":{"line":17,"column":4},"end":{"line":19,"column":5}},"8":{"start":{"line":18,"column":6},"end":{"line":18,"column":71}},"9":{"start":{"line":20,"column":21},"end":{"line":20,"column":61}},"10":{"start":{"line":21,"column":4},"end":{"line":21,"column":23}},"11":{"start":{"line":25,"column":4},"end":{"line":25,"column":42}},"12":{"start":{"line":26,"column":4},"end":{"line":26,"column":44}},"13":{"start":{"line":30,"column":4},"end":{"line":30,"column":65}},"14":{"start":{"line":31,"column":4},"end":{"line":31,"column":32}},"15":{"start":{"line":35,"column":4},"end":{"line":35,"column":55}},"16":{"start":{"line":36,"column":4},"end":{"line":36,"column":32}}},"fnMap":{"0":{"name":"(anonymous_0)","decl":{"start":{"line":5,"column":2},"end":{"line":5,"column":7}},"loc":{"start":{"line":5,"column":42},"end":{"line":8,"column":3}}},"1":{"name":"(anonymous_1)","decl":{"start":{"line":10,"column":2},"end":{"line":10,"column":7}},"loc":{"start":{"line":10,"column":43},"end":{"line":13,"column":3}}},"2":{"name":"(anonymous_2)","decl":{"start":{"line":15,"column":2},"end":{"line":15,"column":7}},"loc":{"start":{"line":15,"column":47},"end":{"line":22,"column":3}}},"3":{"name":"(anonymous_3)","decl":{"start":{"line":24,"column":2},"end":{"line":24,"column":7}},"loc":{"start":{"line":24,"column":42},"end":{"line":27,"column":3}}},"4":{"name":"(anonymous_4)","decl":{"start":{"line":29,"column":2},"end":{"line":29,"column":7}},"loc":{"start":{"line":29,"column":42},"end":{"line":32,"column":3}}},"5":{"name":"(anonymous_5)","decl":{"start":{"line":34,"column":2},"end":{"line":34,"column":7}},"loc":{"start":{"line":34,"column":42},"end":{"line":37,"column":3}}}},"branchMap":{"0":{"loc":{"start":{"line":12,"column":4},"end":{"line":12,"column":75}},"type":"cond-expr","locations":[{"start":{"line":12,"column":14},"end":{"line":12,"column":31}},{"start":{"line":12,"column":34},"end":{"line":12,"column":75}}]},"1":{"loc":{"start":{"line":17,"column":4},"end":{"line":19,"column":5}},"type":"if","locations":[{"start":{"line":17,"column":4},"end":{"line":19,"column":5}},{"start":{},"end":{}}]}},"s":{"0":3,"1":3,"2":0,"3":0,"4":0,"5":0,"6":1,"7":1,"8":0,"9":1,"10":1,"11":1,"12":1,"13":0,"14":0,"15":0,"16":0},"f":{"0":0,"1":0,"2":1,"3":1,"4":0,"5":0},"b":{"0":[0,0],"1":[0,1]}}
,"C:\\Users\\ELVO\\Desktop\\Farmers Digital Market\\src\\controllers\\productController.ts": {"path":"C:\\Users\\ELVO\\Desktop\\Farmers Digital Market\\src\\controllers\\productController.ts","statementMap":{"0":{"start":{"line":2,"column":0},"end":{"line":2,"column":62}},"1":{"start":{"line":5,"column":29},"end":{"line":16,"column":1}},"2":{"start":{"line":6,"column":2},"end":{"line":15,"column":3}},"3":{"start":{"line":7,"column":19},"end":{"line":7,"column":60}},"4":{"start":{"line":8,"column":4},"end":{"line":8,"column":33}},"5":{"start":{"line":10,"column":4},"end":{"line":10,"column":50}},"6":{"start":{"line":11,"column":4},"end":{"line":14,"column":7}},"7":{"start":{"line":5,"column":13},"end":{"line":5,"column":29}},"8":{"start":{"line":19,"column":30},"end":{"line":30,"column":1}},"9":{"start":{"line":20,"column":2},"end":{"line":29,"column":3}},"10":{"start":{"line":21,"column":21},"end":{"line":21,"column":58}},"11":{"start":{"line":22,"column":4},"end":{"line":22,"column":35}},"12":{"start":{"line":24,"column":4},"end":{"line":24,"column":53}},"13":{"start":{"line":25,"column":4},"end":{"line":28,"column":7}},"14":{"start":{"line":19,"column":13},"end":{"line":19,"column":30}},"15":{"start":{"line":34,"column":26},"end":{"line":53,"column":1}},"16":{"start":{"line":36,"column":2},"end":{"line":52,"column":3}},"17":{"start":{"line":37,"column":19},"end":{"line":37,"column":29}},"18":{"start":{"line":39,"column":22},"end":{"line":39,"column":38}},"19":{"start":{"line":41,"column":4},"end":{"line":43,"column":5}},"20":{"start":{"line":42,"column":6},"end":{"line":42,"column":88}},"21":{"start":{"line":44,"column":20},"end":{"line":44,"column":66}},"22":{"start":{"line":45,"column":4},"end":{"line":47,"column":5}},"23":{"start":{"line":46,"column":6},"end":{"line":46,"column":68}},"24":{"start":{"line":48,"column":4},"end":{"line":48,"column":34}},"25":{"start":{"line":50,"column":4},"end":{"line":50,"column":52}},"26":{"start":{"line":51,"column":4},"end":{"line":51,"column":86}},"27":{"start":{"line":34,"column":13},"end":{"line":34,"column":26}},"28":{"start":{"line":54,"column":29},"end":{"line":68,"column":1}},"29":{"start":{"line":55,"column":2},"end":{"line":67,"column":3}},"30":{"start":{"line":56,"column":15},"end":{"line":56,"column":36}},"31":{"start":{"line":57,"column":24},"end":{"line":57,"column":32}},"32":{"start":{"line":59,"column":19},"end":{"line":59,"column":70}},"33":{"start":{"line":60,"column":4},"end":{"line":60,"column":33}},"34":{"start":{"line":62,"column":4},"end":{"line":62,"column":52}},"35":{"start":{"line":63,"column":4},"end":{"line":66,"column":7}},"36":{"start":{"line":54,"column":13},"end":{"line":54,"column":29}},"37":{"start":{"line":69,"column":29},"end":{"line":89,"column":1}},"38":{"start":{"line":70,"column":2},"end":{"line":88,"column":3}},"39":{"start":{"line":71,"column":19},"end":{"line":71,"column":29}},"40":{"start":{"line":72,"column":22},"end":{"line":72,"column":38}},"41":{"start":{"line":74,"column":4},"end":{"line":76,"column":5}},"42":{"start":{"line":75,"column":6},"end":{"line":75,"column":88}},"43":{"start":{"line":78,"column":19},"end":{"line":78,"column":64}},"44":{"start":{"line":80,"column":4},"end":{"line":82,"column":5}},"45":{"start":{"line":81,"column":6},"end":{"line":81,"column":68}},"46":{"start":{"line":84,"column":4},"end":{"line":84,"column":70}},"47":{"start":{"line":86,"column":4},"end":{"line":86,"column":52}},"48":{"start":{"line":87,"column":4},"end":{"line":87,"column":88}},"49":{"start":{"line":69,"column":13},"end":{"line":69,"column":29}}},"fnMap":{"0":{"name":"(anonymous_9)","decl":{"start":{"line":5,"column":29},"end":{"line":5,"column":34}},"loc":{"start":{"line":5,"column":67},"end":{"line":16,"column":1}}},"1":{"name":"(anonymous_10)","decl":{"start":{"line":19,"column":30},"end":{"line":19,"column":35}},"loc":{"start":{"line":19,"column":68},"end":{"line":30,"column":1}}},"2":{"name":"(anonymous_11)","decl":{"start":{"line":34,"column":26},"end":{"line":34,"column":31}},"loc":{"start":{"line":34,"column":64},"end":{"line":53,"column":1}}},"3":{"name":"(anonymous_12)","decl":{"start":{"line":54,"column":29},"end":{"line":54,"column":34}},"loc":{"start":{"line":54,"column":67},"end":{"line":68,"column":1}}},"4":{"name":"(anonymous_13)","decl":{"start":{"line":69,"column":29},"end":{"line":69,"column":34}},"loc":{"start":{"line":69,"column":67},"end":{"line":89,"column":1}}}},"branchMap":{"0":{"loc":{"start":{"line":41,"column":4},"end":{"line":43,"column":5}},"type":"if","locations":[{"start":{"line":41,"column":4},"end":{"line":43,"column":5}},{"start":{},"end":{}}]},"1":{"loc":{"start":{"line":41,"column":8},"end":{"line":41,"column":31}},"type":"binary-expr","locations":[{"start":{"line":41,"column":8},"end":{"line":41,"column":11}},{"start":{"line":41,"column":15},"end":{"line":41,"column":31}}]},"2":{"loc":{"start":{"line":45,"column":4},"end":{"line":47,"column":5}},"type":"if","locations":[{"start":{"line":45,"column":4},"end":{"line":47,"column":5}},{"start":{},"end":{}}]},"3":{"loc":{"start":{"line":74,"column":4},"end":{"line":76,"column":5}},"type":"if","locations":[{"start":{"line":74,"column":4},"end":{"line":76,"column":5}},{"start":{},"end":{}}]},"4":{"loc":{"start":{"line":74,"column":8},"end":{"line":74,"column":31}},"type":"binary-expr","locations":[{"start":{"line":74,"column":8},"end":{"line":74,"column":11}},{"start":{"line":74,"column":15},"end":{"line":74,"column":31}}]},"5":{"loc":{"start":{"line":80,"column":4},"end":{"line":82,"column":5}},"type":"if","locations":[{"start":{"line":80,"column":4},"end":{"line":82,"column":5}},{"start":{},"end":{}}]}},"s":{"0":3,"1":3,"2":0,"3":0,"4":0,"5":0,"6":0,"7":3,"8":3,"9":2,"10":2,"11":1,"12":1,"13":1,"14":3,"15":3,"16":3,"17":3,"18":3,"19":3,"20":1,"21":2,"22":1,"23":0,"24":1,"25":1,"26":1,"27":3,"28":3,"29":0,"30":0,"31":0,"32":0,"33":0,"34":0,"35":0,"36":3,"37":3,"38":0,"39":0,"40":0,"41":0,"42":0,"43":0,"44":0,"45":0,"46":0,"47":0,"48":0,"49":3},"f":{"0":0,"1":2,"2":3,"3":0,"4":0},"b":{"0":[1,2],"1":[3,3],"2":[0,1],"3":[0,0],"4":[0,0],"5":[0,0]}}
,"C:\\Users\\ELVO\\Desktop\\Farmers Digital Market\\src\\db\\config.ts": {"path":"C:\\Users\\ELVO\\Desktop\\Farmers Digital Market\\src\\db\\config.ts","statementMap":{"0":{"start":{"line":1,"column":0},"end":{"line":1,"column":28}},"1":{"start":{"line":2,"column":0},"end":{"line":2,"column":28}},"2":{"start":{"line":3,"column":0},"end":{"line":3,"column":24}},"3":{"start":{"line":5,"column":0},"end":{"line":5,"column":16}},"4":{"start":{"line":7,"column":50},"end":{"line":7,"column":61}},"5":{"start":{"line":10,"column":0},"end":{"line":10,"column":45}},"6":{"start":{"line":11,"column":0},"end":{"line":11,"column":41}},"7":{"start":{"line":12,"column":0},"end":{"line":12,"column":39}},"8":{"start":{"line":13,"column":0},"end":{"line":13,"column":37}},"9":{"start":{"line":15,"column":30},"end":{"line":30,"column":2}},"10":{"start":{"line":45,"column":9},"end":{"line":45,"column":18}},"11":{"start":{"line":33,"column":23},"end":{"line":42,"column":1}},"12":{"start":{"line":34,"column":2},"end":{"line":41,"column":3}},"13":{"start":{"line":35,"column":17},"end":{"line":35,"column":45}},"14":{"start":{"line":36,"column":4},"end":{"line":36,"column":44}},"15":{"start":{"line":37,"column":4},"end":{"line":37,"column":16}},"16":{"start":{"line":39,"column":4},"end":{"line":39,"column":51}},"17":{"start":{"line":40,"column":4},"end":{"line":40,"column":16}},"18":{"start":{"line":33,"column":13},"end":{"line":33,"column":23}},"19":{"start":{"line":44,"column":0},"end":{"line":44,"column":19}}},"fnMap":{"0":{"name":"(anonymous_1)","decl":{"start":{"line":33,"column":23},"end":{"line":33,"column":28}},"loc":{"start":{"line":33,"column":63},"end":{"line":42,"column":1}}}},"branchMap":{},"s":{"0":3,"1":3,"2":3,"3":3,"4":3,"5":3,"6":3,"7":3,"8":3,"9":3,"10":3,"11":3,"12":0,"13":0,"14":0,"15":0,"16":0,"17":0,"18":3,"19":3},"f":{"0":0},"b":{}}
,"C:\\Users\\ELVO\\Desktop\\Farmers Digital Market\\src\\middleware\\authMiddleware.ts": {"path":"C:\\Users\\ELVO\\Desktop\\Farmers Digital Market\\src\\middleware\\authMiddleware.ts","statementMap":{"0":{"start":{"line":1,"column":0},"end":{"line":1,"column":31}},"1":{"start":{"line":14,"column":31},"end":{"line":35,"column":1}},"2":{"start":{"line":15,"column":23},"end":{"line":15,"column":48}},"3":{"start":{"line":16,"column":4},"end":{"line":19,"column":5}},"4":{"start":{"line":17,"column":8},"end":{"line":17,"column":64}},"5":{"start":{"line":20,"column":18},"end":{"line":20,"column":43}},"6":{"start":{"line":21,"column":4},"end":{"line":23,"column":5}},"7":{"start":{"line":22,"column":8},"end":{"line":22,"column":66}},"8":{"start":{"line":24,"column":4},"end":{"line":32,"column":5}},"9":{"start":{"line":25,"column":22},"end":{"line":25,"column":73}},"10":{"start":{"line":26,"column":9},"end":{"line":26,"column":35}},"11":{"start":{"line":27,"column":8},"end":{"line":27,"column":15}},"12":{"start":{"line":30,"column":8},"end":{"line":30,"column":56}},"13":{"start":{"line":14,"column":13},"end":{"line":14,"column":31}},"14":{"start":{"line":36,"column":27},"end":{"line":55,"column":1}},"15":{"start":{"line":38,"column":17},"end":{"line":38,"column":42}},"16":{"start":{"line":40,"column":2},"end":{"line":42,"column":3}},"17":{"start":{"line":41,"column":4},"end":{"line":41,"column":82}},"18":{"start":{"line":44,"column":16},"end":{"line":44,"column":36}},"19":{"start":{"line":46,"column":2},"end":{"line":53,"column":3}},"20":{"start":{"line":47,"column":20},"end":{"line":47,"column":62}},"21":{"start":{"line":48,"column":5},"end":{"line":48,"column":33}},"22":{"start":{"line":49,"column":4},"end":{"line":49,"column":11}},"23":{"start":{"line":51,"column":4},"end":{"line":51,"column":43}},"24":{"start":{"line":52,"column":4},"end":{"line":52,"column":66}},"25":{"start":{"line":36,"column":13},"end":{"line":36,"column":27}},"26":{"start":{"line":56,"column":28},"end":{"line":66,"column":9}},"27":{"start":{"line":57,"column":2},"end":{"line":59,"column":3}},"28":{"start":{"line":58,"column":4},"end":{"line":58,"column":71}},"29":{"start":{"line":61,"column":2},"end":{"line":63,"column":3}},"30":{"start":{"line":62,"column":4},"end":{"line":62,"column":76}},"31":{"start":{"line":66,"column":2},"end":{"line":66,"column":9}},"32":{"start":{"line":56,"column":13},"end":{"line":56,"column":28}},"33":{"start":{"line":67,"column":29},"end":{"line":75,"column":1}},"34":{"start":{"line":68,"column":4},"end":{"line":70,"column":3}},"35":{"start":{"line":69,"column":4},"end":{"line":69,"column":71}},"36":{"start":{"line":71,"column":2},"end":{"line":73,"column":3}},"37":{"start":{"line":72,"column":4},"end":{"line":72,"column":72}},"38":{"start":{"line":74,"column":2},"end":{"line":74,"column":9}},"39":{"start":{"line":67,"column":15},"end":{"line":67,"column":29}}},"fnMap":{"0":{"name":"(anonymous_1)","decl":{"start":{"line":14,"column":31},"end":{"line":14,"column":32}},"loc":{"start":{"line":14,"column":81},"end":{"line":35,"column":1}}},"1":{"name":"(anonymous_2)","decl":{"start":{"line":36,"column":27},"end":{"line":36,"column":28}},"loc":{"start":{"line":36,"column":79},"end":{"line":55,"column":1}}},"2":{"name":"(anonymous_3)","decl":{"start":{"line":56,"column":28},"end":{"line":56,"column":29}},"loc":{"start":{"line":56,"column":84},"end":{"line":66,"column":9}}},"3":{"name":"(anonymous_4)","decl":{"start":{"line":67,"column":29},"end":{"line":67,"column":30}},"loc":{"start":{"line":67,"column":82},"end":{"line":75,"column":1}}}},"branchMap":{"0":{"loc":{"start":{"line":16,"column":4},"end":{"line":19,"column":5}},"type":"if","locations":[{"start":{"line":16,"column":4},"end":{"line":19,"column":5}},{"start":{},"end":{}}]},"1":{"loc":{"start":{"line":16,"column":8},"end":{"line":16,"column":55}},"type":"binary-expr","locations":[{"start":{"line":16,"column":8},"end":{"line":16,"column":19}},{"start":{"line":16,"column":23},"end":{"line":16,"column":55}}]},"2":{"loc":{"start":{"line":21,"column":4},"end":{"line":23,"column":5}},"type":"if","locations":[{"start":{"line":21,"column":4},"end":{"line":23,"column":5}},{"start":{},"end":{}}]},"3":{"loc":{"start":{"line":40,"column":2},"end":{"line":42,"column":3}},"type":"if","locations":[{"start":{"line":40,"column":2},"end":{"line":42,"column":3}},{"start":{},"end":{}}]},"4":{"loc":{"start":{"line":40,"column":6},"end":{"line":40,"column":46}},"type":"binary-expr","locations":[{"start":{"line":40,"column":6},"end":{"line":40,"column":13}},{"start":{"line":40,"column":17},"end":{"line":40,"column":46}}]},"5":{"loc":{"start":{"line":57,"column":2},"end":{"line":59,"column":3}},"type":"if","locations":[{"start":{"line":57,"column":2},"end":{"line":59,"column":3}},{"start":{},"end":{}}]},"6":{"loc":{"start":{"line":61,"column":2},"end":{"line":63,"column":3}},"type":"if","locations":[{"start":{"line":61,"column":2},"end":{"line":63,"column":3}},{"start":{},"end":{}}]},"7":{"loc":{"start":{"line":68,"column":4},"end":{"line":70,"column":3}},"type":"if","locations":[{"start":{"line":68,"column":4},"end":{"line":70,"column":3}},{"start":{},"end":{}}]},"8":{"loc":{"start":{"line":71,"column":2},"end":{"line":73,"column":3}},"type":"if","locations":[{"start":{"line":71,"column":2},"end":{"line":73,"column":3}},{"start":{},"end":{}}]}},"s":{"0":3,"1":3,"2":0,"3":0,"4":0,"5":0,"6":0,"7":0,"8":0,"9":0,"10":0,"11":0,"12":0,"13":3,"14":3,"15":6,"16":6,"17":6,"18":0,"19":0,"20":0,"21":0,"22":0,"23":0,"24":0,"25":3,"26":3,"27":0,"28":0,"29":0,"30":0,"31":0,"32":3,"33":3,"34":0,"35":0,"36":0,"37":0,"38":0,"39":3},"f":{"0":0,"1":6,"2":0,"3":0},"b":{"0":[0,0],"1":[0,0],"2":[0,0],"3":[6,0],"4":[6,0],"5":[0,0],"6":[0,0],"7":[0,0],"8":[0,0]}}
,"C:\\Users\\ELVO\\Desktop\\Farmers Digital Market\\src\\repository\\farmerRepository.ts": {"path":"C:\\Users\\ELVO\\Desktop\\Farmers Digital Market\\src\\repository\\farmerRepository.ts","statementMap":{"0":{"start":{"line":1,"column":0},"end":{"line":1,"column":24}},"1":{"start":{"line":2,"column":0},"end":{"line":2,"column":49}},"2":{"start":{"line":13,"column":44},"end":{"line":13,"column":48}},"3":{"start":{"line":21,"column":4},"end":{"line":24,"column":5}},"4":{"start":{"line":22,"column":6},"end":{"line":22,"column":68}},"5":{"start":{"line":23,"column":6},"end":{"line":23,"column":39}},"6":{"start":{"line":29,"column":4},"end":{"line":33,"column":5}},"7":{"start":{"line":30,"column":6},"end":{"line":30,"column":30}},"8":{"start":{"line":31,"column":6},"end":{"line":31,"column":23}},"9":{"start":{"line":32,"column":6},"end":{"line":32,"column":47}},"10":{"start":{"line":38,"column":4},"end":{"line":38,"column":25}},"11":{"start":{"line":39,"column":19},"end":{"line":39,"column":76}},"12":{"start":{"line":40,"column":4},"end":{"line":46,"column":8}},"13":{"start":{"line":40,"column":40},"end":{"line":46,"column":6}},"14":{"start":{"line":51,"column":4},"end":{"line":51,"column":25}},"15":{"start":{"line":52,"column":19},"end":{"line":54,"column":64}},"16":{"start":{"line":55,"column":4},"end":{"line":55,"column":42}},"17":{"start":{"line":55,"column":30},"end":{"line":55,"column":42}},"18":{"start":{"line":56,"column":16},"end":{"line":56,"column":35}},"19":{"start":{"line":57,"column":4},"end":{"line":63,"column":6}},"20":{"start":{"line":68,"column":4},"end":{"line":68,"column":25}},"21":{"start":{"line":69,"column":4},"end":{"line":77,"column":9}},"22":{"start":{"line":82,"column":4},"end":{"line":82,"column":25}},"23":{"start":{"line":83,"column":4},"end":{"line":96,"column":9}},"24":{"start":{"line":101,"column":4},"end":{"line":101,"column":25}},"25":{"start":{"line":102,"column":4},"end":{"line":104,"column":63}},"26":{"start":{"line":12,"column":0},"end":{"line":12,"column":13}}},"fnMap":{"0":{"name":"(anonymous_1)","decl":{"start":{"line":15,"column":2},"end":{"line":15,"column":null}},"loc":{"start":{"line":15,"column":2},"end":{"line":17,"column":3}}},"1":{"name":"(anonymous_2)","decl":{"start":{"line":20,"column":2},"end":{"line":20,"column":7}},"loc":{"start":{"line":20,"column":15},"end":{"line":25,"column":3}}},"2":{"name":"(anonymous_3)","decl":{"start":{"line":28,"column":2},"end":{"line":28,"column":7}},"loc":{"start":{"line":28,"column":13},"end":{"line":34,"column":3}}},"3":{"name":"(anonymous_4)","decl":{"start":{"line":37,"column":2},"end":{"line":37,"column":7}},"loc":{"start":{"line":37,"column":21},"end":{"line":47,"column":3}}},"4":{"name":"(anonymous_5)","decl":{"start":{"line":40,"column":32},"end":{"line":40,"column":35}},"loc":{"start":{"line":40,"column":40},"end":{"line":46,"column":6}}},"5":{"name":"(anonymous_6)","decl":{"start":{"line":50,"column":2},"end":{"line":50,"column":7}},"loc":{"start":{"line":50,"column":32},"end":{"line":64,"column":3}}},"6":{"name":"(anonymous_7)","decl":{"start":{"line":67,"column":2},"end":{"line":67,"column":7}},"loc":{"start":{"line":67,"column":32},"end":{"line":78,"column":3}}},"7":{"name":"(anonymous_8)","decl":{"start":{"line":81,"column":2},"end":{"line":81,"column":7}},"loc":{"start":{"line":81,"column":47},"end":{"line":97,"column":3}}},"8":{"name":"(anonymous_9)","decl":{"start":{"line":100,"column":2},"end":{"line":100,"column":7}},"loc":{"start":{"line":100,"column":31},"end":{"line":105,"column":3}}}},"branchMap":{"0":{"loc":{"start":{"line":21,"column":4},"end":{"line":24,"column":5}},"type":"if","locations":[{"start":{"line":21,"column":4},"end":{"line":24,"column":5}},{"start":{},"end":{}}]},"1":{"loc":{"start":{"line":29,"column":4},"end":{"line":33,"column":5}},"type":"if","locations":[{"start":{"line":29,"column":4},"end":{"line":33,"column":5}},{"start":{},"end":{}}]},"2":{"loc":{"start":{"line":55,"column":4},"end":{"line":55,"column":42}},"type":"if","locations":[{"start":{"line":55,"column":4},"end":{"line":55,"column":42}},{"start":{},"end":{}}]}},"s":{"0":2,"1":2,"2":0,"3":0,"4":0,"5":0,"6":0,"7":0,"8":0,"9":0,"10":0,"11":0,"12":0,"13":0,"14":0,"15":0,"16":0,"17":0,"18":0,"19":0,"20":0,"21":0,"22":0,"23":0,"24":0,"25":0,"26":2},"f":{"0":0,"1":0,"2":0,"3":0,"4":0,"5":0,"6":0,"7":0,"8":0},"b":{"0":[0,0],"1":[0,0],"2":[0,0]}}
,"C:\\Users\\ELVO\\Desktop\\Farmers Digital Market\\src\\repository\\logisticsRepository.ts": {"path":"C:\\Users\\ELVO\\Desktop\\Farmers Digital Market\\src\\repository\\logisticsRepository.ts","statementMap":{"0":{"start":{"line":1,"column":0},"end":{"line":1,"column":39}},"1":{"start":{"line":12,"column":13},"end":{"line":74,"column":2}},"2":{"start":{"line":14,"column":17},"end":{"line":14,"column":32}},"3":{"start":{"line":15,"column":19},"end":{"line":15,"column":72}},"4":{"start":{"line":16,"column":4},"end":{"line":16,"column":28}},"5":{"start":{"line":20,"column":17},"end":{"line":20,"column":32}},"6":{"start":{"line":21,"column":19},"end":{"line":24,"column":74}},"7":{"start":{"line":25,"column":4},"end":{"line":25,"column":31}},"8":{"start":{"line":29,"column":17},"end":{"line":29,"column":32}},"9":{"start":{"line":30,"column":4},"end":{"line":40,"column":9}},"10":{"start":{"line":41,"column":4},"end":{"line":41,"column":64}},"11":{"start":{"line":45,"column":17},"end":{"line":45,"column":32}},"12":{"start":{"line":46,"column":4},"end":{"line":62,"column":9}},"13":{"start":{"line":63,"column":4},"end":{"line":63,"column":64}},"14":{"start":{"line":67,"column":17},"end":{"line":67,"column":32}},"15":{"start":{"line":68,"column":4},"end":{"line":71,"column":73}},"16":{"start":{"line":72,"column":4},"end":{"line":72,"column":64}}},"fnMap":{"0":{"name":"(anonymous_0)","decl":{"start":{"line":13,"column":2},"end":{"line":13,"column":7}},"loc":{"start":{"line":13,"column":23},"end":{"line":17,"column":3}}},"1":{"name":"(anonymous_1)","decl":{"start":{"line":19,"column":2},"end":{"line":19,"column":7}},"loc":{"start":{"line":19,"column":35},"end":{"line":26,"column":3}}},"2":{"name":"(anonymous_2)","decl":{"start":{"line":28,"column":2},"end":{"line":28,"column":7}},"loc":{"start":{"line":28,"column":44},"end":{"line":42,"column":3}}},"3":{"name":"(anonymous_3)","decl":{"start":{"line":44,"column":2},"end":{"line":44,"column":7}},"loc":{"start":{"line":44,"column":56},"end":{"line":64,"column":3}}},"4":{"name":"(anonymous_4)","decl":{"start":{"line":66,"column":2},"end":{"line":66,"column":7}},"loc":{"start":{"line":66,"column":34},"end":{"line":73,"column":3}}}},"branchMap":{},"s":{"0":0,"1":0,"2":0,"3":0,"4":0,"5":0,"6":0,"7":0,"8":0,"9":0,"10":0,"11":0,"12":0,"13":0,"14":0,"15":0,"16":0},"f":{"0":0,"1":0,"2":0,"3":0,"4":0},"b":{}}
,"C:\\Users\\ELVO\\Desktop\\Farmers Digital Market\\src\\repository\\marketRepository.ts": {"path":"C:\\Users\\ELVO\\Desktop\\Farmers Digital Market\\src\\repository\\marketRepository.ts","statementMap":{"0":{"start":{"line":1,"column":0},"end":{"line":1,"column":23}},"1":{"start":{"line":2,"column":0},"end":{"line":2,"column":37}},"2":{"start":{"line":4,"column":27},"end":{"line":6,"column":28}},"3":{"start":{"line":4,"column":51},"end":{"line":4,"column":66}},"4":{"start":{"line":5,"column":19},"end":{"line":5,"column":68}},"5":{"start":{"line":6,"column":4},"end":{"line":6,"column":28}},"6":{"start":{"line":4,"column":13},"end":{"line":4,"column":27}},"7":{"start":{"line":8,"column":33},"end":{"line":13,"column":5}},"8":{"start":{"line":8,"column":66},"end":{"line":8,"column":81}},"9":{"start":{"line":9,"column":23},"end":{"line":11,"column":53}},"10":{"start":{"line":12,"column":8},"end":{"line":12,"column":35}},"11":{"start":{"line":8,"column":17},"end":{"line":8,"column":33}}},"fnMap":{"0":{"name":"(anonymous_1)","decl":{"start":{"line":4,"column":27},"end":{"line":4,"column":32}},"loc":{"start":{"line":4,"column":37},"end":{"line":6,"column":28}}},"1":{"name":"(anonymous_2)","decl":{"start":{"line":8,"column":33},"end":{"line":8,"column":38}},"loc":{"start":{"line":8,"column":51},"end":{"line":13,"column":5}}}},"branchMap":{},"s":{"0":0,"1":0,"2":0,"3":0,"4":0,"5":0,"6":0,"7":0,"8":0,"9":0,"10":0,"11":0},"f":{"0":0,"1":0},"b":{}}
,"C:\\Users\\ELVO\\Desktop\\Farmers Digital Market\\src\\repository\\orderRepository.ts": {"path":"C:\\Users\\ELVO\\Desktop\\Farmers Digital Market\\src\\repository\\orderRepository.ts","statementMap":{"0":{"start":{"line":1,"column":0},"end":{"line":1,"column":39}},"1":{"start":{"line":14,"column":27},"end":{"line":32,"column":1}},"2":{"start":{"line":15,"column":15},"end":{"line":15,"column":30}},"3":{"start":{"line":16,"column":18},"end":{"line":16,"column":32}},"4":{"start":{"line":17,"column":2},"end":{"line":24,"column":35}},"5":{"start":{"line":25,"column":17},"end":{"line":29,"column":4}},"6":{"start":{"line":30,"column":19},"end":{"line":30,"column":47}},"7":{"start":{"line":31,"column":2},"end":{"line":31,"column":61}},"8":{"start":{"line":14,"column":13},"end":{"line":14,"column":27}},"9":{"start":{"line":35,"column":25},"end":{"line":41,"column":1}},"10":{"start":{"line":36,"column":15},"end":{"line":36,"column":30}},"11":{"start":{"line":37,"column":17},"end":{"line":39,"column":62}},"12":{"start":{"line":40,"column":2},"end":{"line":40,"column":26}},"13":{"start":{"line":35,"column":13},"end":{"line":35,"column":25}},"14":{"start":{"line":44,"column":33},"end":{"line":55,"column":1}},"15":{"start":{"line":45,"column":15},"end":{"line":45,"column":30}},"16":{"start":{"line":46,"column":17},"end":{"line":53,"column":6}},"17":{"start":{"line":54,"column":2},"end":{"line":54,"column":26}},"18":{"start":{"line":44,"column":13},"end":{"line":44,"column":33}},"19":{"start":{"line":58,"column":28},"end":{"line":65,"column":1}},"20":{"start":{"line":59,"column":15},"end":{"line":59,"column":30}},"21":{"start":{"line":60,"column":17},"end":{"line":63,"column":59}},"22":{"start":{"line":64,"column":2},"end":{"line":64,"column":29}},"23":{"start":{"line":58,"column":13},"end":{"line":58,"column":28}},"24":{"start":{"line":68,"column":27},"end":{"line":82,"column":1}},"25":{"start":{"line":69,"column":15},"end":{"line":69,"column":30}},"26":{"start":{"line":70,"column":2},"end":{"line":80,"column":7}},"27":{"start":{"line":81,"column":2},"end":{"line":81,"column":51}},"28":{"start":{"line":68,"column":13},"end":{"line":68,"column":27}},"29":{"start":{"line":85,"column":27},"end":{"line":89,"column":1}},"30":{"start":{"line":86,"column":15},"end":{"line":86,"column":30}},"31":{"start":{"line":87,"column":2},"end":{"line":87,"column":92}},"32":{"start":{"line":88,"column":2},"end":{"line":88,"column":51}},"33":{"start":{"line":85,"column":13},"end":{"line":85,"column":27}}},"fnMap":{"0":{"name":"(anonymous_0)","decl":{"start":{"line":14,"column":27},"end":{"line":14,"column":32}},"loc":{"start":{"line":14,"column":53},"end":{"line":32,"column":1}}},"1":{"name":"(anonymous_1)","decl":{"start":{"line":35,"column":25},"end":{"line":35,"column":30}},"loc":{"start":{"line":35,"column":50},"end":{"line":41,"column":1}}},"2":{"name":"(anonymous_2)","decl":{"start":{"line":44,"column":33},"end":{"line":44,"column":38}},"loc":{"start":{"line":44,"column":60},"end":{"line":55,"column":1}}},"3":{"name":"(anonymous_3)","decl":{"start":{"line":58,"column":28},"end":{"line":58,"column":33}},"loc":{"start":{"line":58,"column":49},"end":{"line":65,"column":1}}},"4":{"name":"(anonymous_4)","decl":{"start":{"line":68,"column":27},"end":{"line":68,"column":32}},"loc":{"start":{"line":68,"column":74},"end":{"line":82,"column":1}}},"5":{"name":"(anonymous_5)","decl":{"start":{"line":85,"column":27},"end":{"line":85,"column":32}},"loc":{"start":{"line":85,"column":48},"end":{"line":89,"column":1}}}},"branchMap":{},"s":{"0":3,"1":3,"2":0,"3":0,"4":0,"5":0,"6":0,"7":0,"8":3,"9":3,"10":0,"11":0,"12":0,"13":3,"14":3,"15":0,"16":0,"17":0,"18":3,"19":3,"20":0,"21":0,"22":0,"23":3,"24":3,"25":0,"26":0,"27":0,"28":3,"29":3,"30":0,"31":0,"32":0,"33":3},"f":{"0":0,"1":0,"2":0,"3":0,"4":0,"5":0},"b":{}}
,"C:\\Users\\ELVO\\Desktop\\Farmers Digital Market\\src\\repository\\paymentRepository.ts": {"path":"C:\\Users\\ELVO\\Desktop\\Farmers Digital Market\\src\\repository\\paymentRepository.ts","statementMap":{"0":{"start":{"line":1,"column":0},"end":{"line":1,"column":39}},"1":{"start":{"line":3,"column":0},"end":{"line":3,"column":23}},"2":{"start":{"line":5,"column":13},"end":{"line":70,"column":2}},"3":{"start":{"line":7,"column":17},"end":{"line":7,"column":32}},"4":{"start":{"line":8,"column":19},"end":{"line":8,"column":70}},"5":{"start":{"line":9,"column":4},"end":{"line":9,"column":28}},"6":{"start":{"line":13,"column":17},"end":{"line":13,"column":32}},"7":{"start":{"line":14,"column":19},"end":{"line":16,"column":60}},"8":{"start":{"line":17,"column":4},"end":{"line":17,"column":39}},"9":{"start":{"line":21,"column":17},"end":{"line":21,"column":32}},"10":{"start":{"line":22,"column":19},"end":{"line":28,"column":8}},"11":{"start":{"line":29,"column":4},"end":{"line":29,"column":28}},"12":{"start":{"line":33,"column":17},"end":{"line":33,"column":32}},"13":{"start":{"line":34,"column":4},"end":{"line":43,"column":9}},"14":{"start":{"line":47,"column":17},"end":{"line":47,"column":32}},"15":{"start":{"line":48,"column":4},"end":{"line":61,"column":9}},"16":{"start":{"line":65,"column":17},"end":{"line":65,"column":32}},"17":{"start":{"line":66,"column":4},"end":{"line":68,"column":59}}},"fnMap":{"0":{"name":"(anonymous_1)","decl":{"start":{"line":6,"column":2},"end":{"line":6,"column":7}},"loc":{"start":{"line":6,"column":14},"end":{"line":10,"column":3}}},"1":{"name":"(anonymous_2)","decl":{"start":{"line":12,"column":2},"end":{"line":12,"column":7}},"loc":{"start":{"line":12,"column":26},"end":{"line":18,"column":3}}},"2":{"name":"(anonymous_3)","decl":{"start":{"line":20,"column":2},"end":{"line":20,"column":7}},"loc":{"start":{"line":20,"column":34},"end":{"line":30,"column":3}}},"3":{"name":"(anonymous_4)","decl":{"start":{"line":32,"column":2},"end":{"line":32,"column":7}},"loc":{"start":{"line":32,"column":51},"end":{"line":44,"column":3}}},"4":{"name":"(anonymous_5)","decl":{"start":{"line":46,"column":2},"end":{"line":46,"column":7}},"loc":{"start":{"line":46,"column":52},"end":{"line":62,"column":3}}},"5":{"name":"(anonymous_6)","decl":{"start":{"line":64,"column":2},"end":{"line":64,"column":7}},"loc":{"start":{"line":64,"column":25},"end":{"line":69,"column":3}}}},"branchMap":{"0":{"loc":{"start":{"line":17,"column":11},"end":{"line":17,"column":38}},"type":"binary-expr","locations":[{"start":{"line":17,"column":11},"end":{"line":17,"column":30}},{"start":{"line":17,"column":34},"end":{"line":17,"column":38}}]},"1":{"loc":{"start":{"line":50,"column":44},"end":{"line":50,"column":74}},"type":"binary-expr","locations":[{"start":{"line":50,"column":44},"end":{"line":50,"column":66}},{"start":{"line":50,"column":70},"end":{"line":50,"column":74}}]},"2":{"loc":{"start":{"line":51,"column":39},"end":{"line":51,"column":64}},"type":"binary-expr","locations":[{"start":{"line":51,"column":39},"end":{"line":51,"column":56}},{"start":{"line":51,"column":60},"end":{"line":51,"column":64}}]},"3":{"loc":{"start":{"line":52,"column":43},"end":{"line":52,"column":71}},"type":"binary-expr","locations":[{"start":{"line":52,"column":43},"end":{"line":52,"column":63}},{"start":{"line":52,"column":67},"end":{"line":52,"column":71}}]},"4":{"loc":{"start":{"line":53,"column":44},"end":{"line":53,"column":74}},"type":"binary-expr","locations":[{"start":{"line":53,"column":44},"end":{"line":53,"column":66}},{"start":{"line":53,"column":70},"end":{"line":53,"column":74}}]}},"s":{"0":3,"1":3,"2":3,"3":0,"4":0,"5":0,"6":0,"7":0,"8":0,"9":0,"10":0,"11":0,"12":0,"13":0,"14":0,"15":0,"16":0,"17":0},"f":{"0":0,"1":0,"2":0,"3":0,"4":0,"5":0},"b":{"0":[0,0],"1":[0,0],"2":[0,0],"3":[0,0],"4":[0,0]}}
,"C:\\Users\\ELVO\\Desktop\\Farmers Digital Market\\src\\repository\\productRepository.ts": {"path":"C:\\Users\\ELVO\\Desktop\\Farmers Digital Market\\src\\repository\\productRepository.ts","statementMap":{"0":{"start":{"line":1,"column":0},"end":{"line":1,"column":31}},"1":{"start":{"line":11,"column":30},"end":{"line":14,"column":1}},"2":{"start":{"line":12,"column":17},"end":{"line":12,"column":71}},"3":{"start":{"line":13,"column":2},"end":{"line":13,"column":26}},"4":{"start":{"line":11,"column":13},"end":{"line":11,"column":30}},"5":{"start":{"line":16,"column":26},"end":{"line":25,"column":1}},"6":{"start":{"line":17,"column":2},"end":{"line":19,"column":3}},"7":{"start":{"line":18,"column":4},"end":{"line":18,"column":65}},"8":{"start":{"line":21,"column":18},"end":{"line":21,"column":35}},"9":{"start":{"line":22,"column":2},"end":{"line":22,"column":35}},"10":{"start":{"line":23,"column":17},"end":{"line":23,"column":84}},"11":{"start":{"line":24,"column":2},"end":{"line":24,"column":37}},"12":{"start":{"line":16,"column":13},"end":{"line":16,"column":26}},"13":{"start":{"line":27,"column":29},"end":{"line":44,"column":1}},"14":{"start":{"line":28,"column":18},"end":{"line":28,"column":35}},"15":{"start":{"line":29,"column":2},"end":{"line":29,"column":57}},"16":{"start":{"line":30,"column":2},"end":{"line":30,"column":73}},"17":{"start":{"line":31,"column":2},"end":{"line":31,"column":73}},"18":{"start":{"line":32,"column":2},"end":{"line":32,"column":67}},"19":{"start":{"line":33,"column":2},"end":{"line":33,"column":60}},"20":{"start":{"line":34,"column":2},"end":{"line":34,"column":80}},"21":{"start":{"line":36,"column":22},"end":{"line":40,"column":4}},"22":{"start":{"line":42,"column":17},"end":{"line":42,"column":49}},"23":{"start":{"line":43,"column":2},"end":{"line":43,"column":29}},"24":{"start":{"line":27,"column":13},"end":{"line":27,"column":29}},"25":{"start":{"line":46,"column":29},"end":{"line":75,"column":1}},"26":{"start":{"line":47,"column":18},"end":{"line":47,"column":35}},"27":{"start":{"line":48,"column":2},"end":{"line":48,"column":35}},"28":{"start":{"line":49,"column":2},"end":{"line":49,"column":81}},"29":{"start":{"line":50,"column":2},"end":{"line":50,"column":73}},"30":{"start":{"line":51,"column":2},"end":{"line":51,"column":75}},"31":{"start":{"line":52,"column":2},"end":{"line":52,"column":68}},"32":{"start":{"line":53,"column":2},"end":{"line":53,"column":80}},"33":{"start":{"line":55,"column":22},"end":{"line":71,"column":4}},"34":{"start":{"line":73,"column":17},"end":{"line":73,"column":49}},"35":{"start":{"line":74,"column":2},"end":{"line":74,"column":37}},"36":{"start":{"line":46,"column":13},"end":{"line":46,"column":29}},"37":{"start":{"line":77,"column":29},"end":{"line":82,"column":1}},"38":{"start":{"line":78,"column":18},"end":{"line":78,"column":35}},"39":{"start":{"line":79,"column":2},"end":{"line":79,"column":35}},"40":{"start":{"line":80,"column":17},"end":{"line":80,"column":82}},"41":{"start":{"line":81,"column":2},"end":{"line":81,"column":36}},"42":{"start":{"line":77,"column":13},"end":{"line":77,"column":29}}},"fnMap":{"0":{"name":"(anonymous_1)","decl":{"start":{"line":11,"column":30},"end":{"line":11,"column":35}},"loc":{"start":{"line":11,"column":61},"end":{"line":14,"column":1}}},"1":{"name":"(anonymous_2)","decl":{"start":{"line":16,"column":26},"end":{"line":16,"column":31}},"loc":{"start":{"line":16,"column":72},"end":{"line":25,"column":1}}},"2":{"name":"(anonymous_3)","decl":{"start":{"line":27,"column":29},"end":{"line":27,"column":34}},"loc":{"start":{"line":27,"column":74},"end":{"line":44,"column":1}}},"3":{"name":"(anonymous_4)","decl":{"start":{"line":46,"column":29},"end":{"line":46,"column":34}},"loc":{"start":{"line":46,"column":102},"end":{"line":75,"column":1}}},"4":{"name":"(anonymous_5)","decl":{"start":{"line":77,"column":29},"end":{"line":77,"column":34}},"loc":{"start":{"line":77,"column":68},"end":{"line":82,"column":1}}}},"branchMap":{"0":{"loc":{"start":{"line":17,"column":2},"end":{"line":19,"column":3}},"type":"if","locations":[{"start":{"line":17,"column":2},"end":{"line":19,"column":3}},{"start":{},"end":{}}]},"1":{"loc":{"start":{"line":17,"column":6},"end":{"line":17,"column":53}},"type":"binary-expr","locations":[{"start":{"line":17,"column":6},"end":{"line":17,"column":28}},{"start":{"line":17,"column":32},"end":{"line":17,"column":53}}]},"2":{"loc":{"start":{"line":24,"column":9},"end":{"line":24,"column":36}},"type":"binary-expr","locations":[{"start":{"line":24,"column":9},"end":{"line":24,"column":28}},{"start":{"line":24,"column":32},"end":{"line":24,"column":36}}]},"3":{"loc":{"start":{"line":31,"column":47},"end":{"line":31,"column":71}},"type":"binary-expr","locations":[{"start":{"line":31,"column":47},"end":{"line":31,"column":63}},{"start":{"line":31,"column":67},"end":{"line":31,"column":71}}]},"4":{"loc":{"start":{"line":34,"column":51},"end":{"line":34,"column":78}},"type":"binary-expr","locations":[{"start":{"line":34,"column":51},"end":{"line":34,"column":70}},{"start":{"line":34,"column":74},"end":{"line":34,"column":78}}]},"5":{"loc":{"start":{"line":49,"column":51},"end":{"line":49,"column":79}},"type":"binary-expr","locations":[{"start":{"line":49,"column":51},"end":{"line":49,"column":71}},{"start":{"line":49,"column":75},"end":{"line":49,"column":79}}]},"6":{"loc":{"start":{"line":50,"column":47},"end":{"line":50,"column":71}},"type":"binary-expr","locations":[{"start":{"line":50,"column":47},"end":{"line":50,"column":63}},{"start":{"line":50,"column":67},"end":{"line":50,"column":71}}]},"7":{"loc":{"start":{"line":51,"column":43},"end":{"line":51,"column":73}},"type":"binary-expr","locations":[{"start":{"line":51,"column":43},"end":{"line":51,"column":65}},{"start":{"line":51,"column":69},"end":{"line":51,"column":73}}]},"8":{"loc":{"start":{"line":52,"column":45},"end":{"line":52,"column":66}},"type":"binary-expr","locations":[{"start":{"line":52,"column":45},"end":{"line":52,"column":58}},{"start":{"line":52,"column":62},"end":{"line":52,"column":66}}]},"9":{"loc":{"start":{"line":53,"column":51},"end":{"line":53,"column":78}},"type":"binary-expr","locations":[{"start":{"line":53,"column":51},"end":{"line":53,"column":70}},{"start":{"line":53,"column":74},"end":{"line":53,"column":78}}]},"10":{"loc":{"start":{"line":74,"column":9},"end":{"line":74,"column":36}},"type":"binary-expr","locations":[{"start":{"line":74,"column":9},"end":{"line":74,"column":28}},{"start":{"line":74,"column":32},"end":{"line":74,"column":36}}]}},"s":{"0":3,"1":3,"2":0,"3":0,"4":3,"5":3,"6":0,"7":0,"8":0,"9":0,"10":0,"11":0,"12":3,"13":3,"14":0,"15":0,"16":0,"17":0,"18":0,"19":0,"20":0,"21":0,"22":0,"23":0,"24":3,"25":3,"26":0,"27":0,"28":0,"29":0,"30":0,"31":0,"32":0,"33":0,"34":0,"35":0,"36":3,"37":3,"38":0,"39":0,"40":0,"41":0,"42":3},"f":{"0":0,"1":0,"2":0,"3":0,"4":0},"b":{"0":[0,0],"1":[0,0],"2":[0,0],"3":[0,0],"4":[0,0],"5":[0,0],"6":[0,0],"7":[0,0],"8":[0,0],"9":[0,0],"10":[0,0]}}
,"C:\\Users\\ELVO\\Desktop\\Farmers Digital Market\\src\\routes\\adminRoutes.ts": {"path":"C:\\Users\\ELVO\\Desktop\\Farmers Digital Market\\src\\routes\\adminRoutes.ts","statementMap":{"0":{"start":{"line":1,"column":0},"end":{"line":1,"column":33}},"1":{"start":{"line":2,"column":0},"end":{"line":2,"column":null}},"2":{"start":{"line":12,"column":0},"end":{"line":12,"column":72}},"3":{"start":{"line":14,"column":15},"end":{"line":14,"column":23}},"4":{"start":{"line":17,"column":0},"end":{"line":17,"column":37}},"5":{"start":{"line":20,"column":0},"end":{"line":20,"column":36}},"6":{"start":{"line":21,"column":0},"end":{"line":21,"column":58}},"7":{"start":{"line":22,"column":0},"end":{"line":22,"column":54}},"8":{"start":{"line":23,"column":0},"end":{"line":23,"column":59}},"9":{"start":{"line":26,"column":0},"end":{"line":26,"column":55}},"10":{"start":{"line":27,"column":0},"end":{"line":27,"column":57}},"11":{"start":{"line":28,"column":0},"end":{"line":28,"column":42}},"12":{"start":{"line":31,"column":0},"end":{"line":31,"column":38}},"13":{"start":{"line":33,"column":0},"end":{"line":33,"column":22}}},"fnMap":{},"branchMap":{},"s":{"0":3,"1":3,"2":3,"3":3,"4":3,"5":3,"6":3,"7":3,"8":3,"9":3,"10":3,"11":3,"12":3,"13":3},"f":{},"b":{}}
,"C:\\Users\\ELVO\\Desktop\\Farmers Digital Market\\src\\routes\\authRoutes.ts": {"path":"C:\\Users\\ELVO\\Desktop\\Farmers Digital Market\\src\\routes\\authRoutes.ts","statementMap":{"0":{"start":{"line":1,"column":0},"end":{"line":1,"column":30}},"1":{"start":{"line":2,"column":0},"end":{"line":2,"column":28}},"2":{"start":{"line":3,"column":0},"end":{"line":3,"column":31}},"3":{"start":{"line":4,"column":0},"end":{"line":4,"column":24}},"4":{"start":{"line":5,"column":0},"end":{"line":5,"column":39}},"5":{"start":{"line":7,"column":15},"end":{"line":7,"column":31}},"6":{"start":{"line":10,"column":0},"end":{"line":43,"column":3}},"7":{"start":{"line":11,"column":54},"end":{"line":11,"column":62}},"8":{"start":{"line":13,"column":2},"end":{"line":42,"column":3}},"9":{"start":{"line":14,"column":27},"end":{"line":14,"column":58}},"10":{"start":{"line":15,"column":17},"end":{"line":15,"column":32}},"11":{"start":{"line":17,"column":21},"end":{"line":20,"column":62}},"12":{"start":{"line":22,"column":4},"end":{"line":24,"column":5}},"13":{"start":{"line":23,"column":6},"end":{"line":23,"column":78}},"14":{"start":{"line":26,"column":4},"end":{"line":36,"column":8}},"15":{"start":{"line":38,"column":4},"end":{"line":38,"column":78}},"16":{"start":{"line":40,"column":4},"end":{"line":40,"column":48}},"17":{"start":{"line":41,"column":4},"end":{"line":41,"column":54}},"18":{"start":{"line":46,"column":0},"end":{"line":90,"column":3}},"19":{"start":{"line":47,"column":30},"end":{"line":47,"column":38}},"20":{"start":{"line":49,"column":2},"end":{"line":89,"column":3}},"21":{"start":{"line":50,"column":17},"end":{"line":50,"column":32}},"22":{"start":{"line":51,"column":19},"end":{"line":54,"column":62}},"23":{"start":{"line":56,"column":4},"end":{"line":58,"column":5}},"24":{"start":{"line":57,"column":6},"end":{"line":57,"column":65}},"25":{"start":{"line":60,"column":17},"end":{"line":60,"column":36}},"26":{"start":{"line":61,"column":20},"end":{"line":61,"column":70}},"27":{"start":{"line":63,"column":4},"end":{"line":65,"column":5}},"28":{"start":{"line":64,"column":6},"end":{"line":64,"column":70}},"29":{"start":{"line":68,"column":18},"end":{"line":71,"column":null}},"30":{"start":{"line":75,"column":4},"end":{"line":84,"column":7}},"31":{"start":{"line":87,"column":4},"end":{"line":87,"column":41}},"32":{"start":{"line":88,"column":4},"end":{"line":88,"column":54}},"33":{"start":{"line":93,"column":0},"end":{"line":96,"column":3}},"34":{"start":{"line":95,"column":2},"end":{"line":95,"column":70}},"35":{"start":{"line":98,"column":0},"end":{"line":98,"column":22}}},"fnMap":{"0":{"name":"(anonymous_1)","decl":{"start":{"line":10,"column":25},"end":{"line":10,"column":30}},"loc":{"start":{"line":10,"column":44},"end":{"line":43,"column":1}}},"1":{"name":"(anonymous_2)","decl":{"start":{"line":46,"column":22},"end":{"line":46,"column":27}},"loc":{"start":{"line":46,"column":41},"end":{"line":90,"column":1}}},"2":{"name":"(anonymous_3)","decl":{"start":{"line":93,"column":23},"end":{"line":93,"column":24}},"loc":{"start":{"line":93,"column":36},"end":{"line":96,"column":1}}}},"branchMap":{"0":{"loc":{"start":{"line":22,"column":4},"end":{"line":24,"column":5}},"type":"if","locations":[{"start":{"line":22,"column":4},"end":{"line":24,"column":5}},{"start":{},"end":{}}]},"1":{"loc":{"start":{"line":56,"column":4},"end":{"line":58,"column":5}},"type":"if","locations":[{"start":{"line":56,"column":4},"end":{"line":58,"column":5}},{"start":{},"end":{}}]},"2":{"loc":{"start":{"line":63,"column":4},"end":{"line":65,"column":5}},"type":"if","locations":[{"start":{"line":63,"column":4},"end":{"line":65,"column":5}},{"start":{},"end":{}}]}},"s":{"0":0,"1":0,"2":0,"3":0,"4":0,"5":0,"6":0,"7":0,"8":0,"9":0,"10":0,"11":0,"12":0,"13":0,"14":0,"15":0,"16":0,"17":0,"18":0,"19":0,"20":0,"21":0,"22":0,"23":0,"24":0,"25":0,"26":0,"27":0,"28":0,"29":0,"30":0,"31":0,"32":0,"33":0,"34":0,"35":0},"f":{"0":0,"1":0,"2":0},"b":{"0":[0,0],"1":[0,0],"2":[0,0]}}
,"C:\\Users\\ELVO\\Desktop\\Farmers Digital Market\\src\\routes\\farmerRoutes.ts": {"path":"C:\\Users\\ELVO\\Desktop\\Farmers Digital Market\\src\\routes\\farmerRoutes.ts","statementMap":{"0":{"start":{"line":1,"column":0},"end":{"line":1,"column":30}},"1":{"start":{"line":2,"column":0},"end":{"line":2,"column":24}},"2":{"start":{"line":3,"column":0},"end":{"line":3,"column":39}},"3":{"start":{"line":4,"column":0},"end":{"line":4,"column":86}},"4":{"start":{"line":5,"column":0},"end":{"line":5,"column":66}},"5":{"start":{"line":7,"column":15},"end":{"line":7,"column":31}},"6":{"start":{"line":12,"column":0},"end":{"line":27,"column":3}},"7":{"start":{"line":13,"column":2},"end":{"line":26,"column":3}},"8":{"start":{"line":14,"column":17},"end":{"line":14,"column":32}},"9":{"start":{"line":15,"column":21},"end":{"line":15,"column":37}},"10":{"start":{"line":17,"column":19},"end":{"line":20,"column":65}},"11":{"start":{"line":22,"column":4},"end":{"line":22,"column":31}},"12":{"start":{"line":24,"column":4},"end":{"line":24,"column":55}},"13":{"start":{"line":25,"column":4},"end":{"line":25,"column":54}},"14":{"start":{"line":32,"column":0},"end":{"line":60,"column":3}},"15":{"start":{"line":33,"column":49},"end":{"line":33,"column":57}},"16":{"start":{"line":35,"column":2},"end":{"line":37,"column":3}},"17":{"start":{"line":36,"column":4},"end":{"line":36,"column":87}},"18":{"start":{"line":39,"column":2},"end":{"line":59,"column":3}},"19":{"start":{"line":40,"column":17},"end":{"line":40,"column":32}},"20":{"start":{"line":41,"column":21},"end":{"line":41,"column":37}},"21":{"start":{"line":43,"column":4},"end":{"line":53,"column":8}},"22":{"start":{"line":55,"column":4},"end":{"line":55,"column":68}},"23":{"start":{"line":57,"column":4},"end":{"line":57,"column":45}},"24":{"start":{"line":58,"column":4},"end":{"line":58,"column":54}},"25":{"start":{"line":65,"column":0},"end":{"line":102,"column":3}},"26":{"start":{"line":66,"column":17},"end":{"line":66,"column":27}},"27":{"start":{"line":67,"column":49},"end":{"line":67,"column":57}},"28":{"start":{"line":69,"column":2},"end":{"line":101,"column":3}},"29":{"start":{"line":70,"column":17},"end":{"line":70,"column":32}},"30":{"start":{"line":71,"column":21},"end":{"line":71,"column":37}},"31":{"start":{"line":74,"column":18},"end":{"line":78,"column":86}},"32":{"start":{"line":80,"column":4},"end":{"line":82,"column":5}},"33":{"start":{"line":81,"column":6},"end":{"line":81,"column":86}},"34":{"start":{"line":84,"column":4},"end":{"line":95,"column":8}},"35":{"start":{"line":97,"column":4},"end":{"line":97,"column":58}},"36":{"start":{"line":99,"column":4},"end":{"line":99,"column":48}},"37":{"start":{"line":100,"column":4},"end":{"line":100,"column":54}},"38":{"start":{"line":107,"column":0},"end":{"line":132,"column":3}},"39":{"start":{"line":108,"column":17},"end":{"line":108,"column":27}},"40":{"start":{"line":110,"column":2},"end":{"line":131,"column":3}},"41":{"start":{"line":111,"column":17},"end":{"line":111,"column":32}},"42":{"start":{"line":112,"column":21},"end":{"line":112,"column":37}},"43":{"start":{"line":115,"column":18},"end":{"line":119,"column":86}},"44":{"start":{"line":121,"column":4},"end":{"line":123,"column":5}},"45":{"start":{"line":122,"column":6},"end":{"line":122,"column":88}},"46":{"start":{"line":125,"column":4},"end":{"line":125,"column":95}},"47":{"start":{"line":127,"column":4},"end":{"line":127,"column":58}},"48":{"start":{"line":129,"column":4},"end":{"line":129,"column":48}},"49":{"start":{"line":130,"column":4},"end":{"line":130,"column":54}},"50":{"start":{"line":137,"column":0},"end":{"line":137,"column":84}},"51":{"start":{"line":139,"column":0},"end":{"line":139,"column":22}}},"fnMap":{"0":{"name":"(anonymous_10)","decl":{"start":{"line":12,"column":56},"end":{"line":12,"column":61}},"loc":{"start":{"line":12,"column":88},"end":{"line":27,"column":1}}},"1":{"name":"(anonymous_11)","decl":{"start":{"line":32,"column":52},"end":{"line":32,"column":57}},"loc":{"start":{"line":32,"column":84},"end":{"line":60,"column":1}}},"2":{"name":"(anonymous_12)","decl":{"start":{"line":65,"column":55},"end":{"line":65,"column":60}},"loc":{"start":{"line":65,"column":87},"end":{"line":102,"column":1}}},"3":{"name":"(anonymous_13)","decl":{"start":{"line":107,"column":58},"end":{"line":107,"column":63}},"loc":{"start":{"line":107,"column":90},"end":{"line":132,"column":1}}}},"branchMap":{"0":{"loc":{"start":{"line":35,"column":2},"end":{"line":37,"column":3}},"type":"if","locations":[{"start":{"line":35,"column":2},"end":{"line":37,"column":3}},{"start":{},"end":{}}]},"1":{"loc":{"start":{"line":35,"column":6},"end":{"line":35,"column":34}},"type":"binary-expr","locations":[{"start":{"line":35,"column":6},"end":{"line":35,"column":11}},{"start":{"line":35,"column":15},"end":{"line":35,"column":21}},{"start":{"line":35,"column":25},"end":{"line":35,"column":34}}]},"2":{"loc":{"start":{"line":49,"column":48},"end":{"line":49,"column":65}},"type":"binary-expr","locations":[{"start":{"line":49,"column":48},"end":{"line":49,"column":59}},{"start":{"line":49,"column":63},"end":{"line":49,"column":65}}]},"3":{"loc":{"start":{"line":80,"column":4},"end":{"line":82,"column":5}},"type":"if","locations":[{"start":{"line":80,"column":4},"end":{"line":82,"column":5}},{"start":{},"end":{}}]},"4":{"loc":{"start":{"line":90,"column":48},"end":{"line":90,"column":65}},"type":"binary-expr","locations":[{"start":{"line":90,"column":48},"end":{"line":90,"column":59}},{"start":{"line":90,"column":63},"end":{"line":90,"column":65}}]},"5":{"loc":{"start":{"line":121,"column":4},"end":{"line":123,"column":5}},"type":"if","locations":[{"start":{"line":121,"column":4},"end":{"line":123,"column":5}},{"start":{},"end":{}}]}},"s":{"0":3,"1":3,"2":3,"3":3,"4":3,"5":3,"6":3,"7":0,"8":0,"9":0,"10":0,"11":0,"12":0,"13":0,"14":3,"15":3,"16":3,"17":3,"18":0,"19":0,"20":0,"21":0,"22":0,"23":0,"24":0,"25":3,"26":0,"27":0,"28":0,"29":0,"30":0,"31":0,"32":0,"33":0,"34":0,"35":0,"36":0,"37":0,"38":3,"39":0,"40":0,"41":0,"42":0,"43":0,"44":0,"45":0,"46":0,"47":0,"48":0,"49":0,"50":3,"51":3},"f":{"0":0,"1":3,"2":0,"3":0},"b":{"0":[3,0],"1":[3,0,0],"2":[0,0],"3":[0,0],"4":[0,0],"5":[0,0]}}
,"C:\\Users\\ELVO\\Desktop\\Farmers Digital Market\\src\\routes\\logisticsRoutes.ts": {"path":"C:\\Users\\ELVO\\Desktop\\Farmers Digital Market\\src\\routes\\logisticsRoutes.ts","statementMap":{"0":{"start":{"line":1,"column":0},"end":{"line":1,"column":30}},"1":{"start":{"line":2,"column":0},"end":{"line":2,"column":73}},"2":{"start":{"line":4,"column":15},"end":{"line":4,"column":31}},"3":{"start":{"line":6,"column":31},"end":{"line":13,"column":1}},"4":{"start":{"line":7,"column":0},"end":{"line":7,"column":50}},"5":{"start":{"line":8,"column":0},"end":{"line":8,"column":55}},"6":{"start":{"line":9,"column":0},"end":{"line":9,"column":51}},"7":{"start":{"line":10,"column":0},"end":{"line":10,"column":54}},"8":{"start":{"line":11,"column":0},"end":{"line":11,"column":57}},"9":{"start":{"line":6,"column":13},"end":{"line":6,"column":31}}},"fnMap":{"0":{"name":"(anonymous_1)","decl":{"start":{"line":6,"column":31},"end":{"line":6,"column":32}},"loc":{"start":{"line":6,"column":43},"end":{"line":13,"column":1}}}},"branchMap":{},"s":{"0":0,"1":0,"2":0,"3":0,"4":0,"5":0,"6":0,"7":0,"8":0,"9":0},"f":{"0":0},"b":{}}
,"C:\\Users\\ELVO\\Desktop\\Farmers Digital Market\\src\\routes\\marketRoutes.ts": {"path":"C:\\Users\\ELVO\\Desktop\\Farmers Digital Market\\src\\routes\\marketRoutes.ts","statementMap":{"0":{"start":{"line":1,"column":0},"end":{"line":1,"column":29}},"1":{"start":{"line":2,"column":1},"end":{"line":2,"column":60}},"2":{"start":{"line":4,"column":16},"end":{"line":4,"column":32}},"3":{"start":{"line":6,"column":1},"end":{"line":6,"column":28}},"4":{"start":{"line":7,"column":1},"end":{"line":7,"column":31}},"5":{"start":{"line":9,"column":1},"end":{"line":9,"column":23}}},"fnMap":{},"branchMap":{},"s":{"0":0,"1":0,"2":0,"3":0,"4":0,"5":0},"f":{},"b":{}}
,"C:\\Users\\ELVO\\Desktop\\Farmers Digital Market\\src\\routes\\orderRoutes.ts": {"path":"C:\\Users\\ELVO\\Desktop\\Farmers Digital Market\\src\\routes\\orderRoutes.ts","statementMap":{"0":{"start":{"line":1,"column":0},"end":{"line":1,"column":30}},"1":{"start":{"line":2,"column":0},"end":{"line":2,"column":66}},"2":{"start":{"line":3,"column":0},"end":{"line":3,"column":59}},"3":{"start":{"line":5,"column":15},"end":{"line":5,"column":31}},"4":{"start":{"line":7,"column":0},"end":{"line":7,"column":58}},"5":{"start":{"line":8,"column":0},"end":{"line":8,"column":55}},"6":{"start":{"line":9,"column":0},"end":{"line":9,"column":61}},"7":{"start":{"line":10,"column":0},"end":{"line":10,"column":60}},"8":{"start":{"line":11,"column":0},"end":{"line":11,"column":63}},"9":{"start":{"line":13,"column":0},"end":{"line":13,"column":22}}},"fnMap":{},"branchMap":{},"s":{"0":3,"1":3,"2":3,"3":3,"4":3,"5":3,"6":3,"7":3,"8":3,"9":3},"f":{},"b":{}}
,"C:\\Users\\ELVO\\Desktop\\Farmers Digital Market\\src\\routes\\paymentRoutes.ts": {"path":"C:\\Users\\ELVO\\Desktop\\Farmers Digital Market\\src\\routes\\paymentRoutes.ts","statementMap":{"0":{"start":{"line":1,"column":0},"end":{"line":1,"column":33}},"1":{"start":{"line":2,"column":0},"end":{"line":2,"column":69}},"2":{"start":{"line":3,"column":0},"end":{"line":3,"column":56}},"3":{"start":{"line":5,"column":15},"end":{"line":5,"column":23}},"4":{"start":{"line":7,"column":0},"end":{"line":7,"column":54}},"5":{"start":{"line":8,"column":0},"end":{"line":8,"column":63}},"6":{"start":{"line":9,"column":0},"end":{"line":9,"column":58}},"7":{"start":{"line":10,"column":0},"end":{"line":10,"column":55}},"8":{"start":{"line":11,"column":0},"end":{"line":11,"column":57}},"9":{"start":{"line":12,"column":0},"end":{"line":12,"column":60}},"10":{"start":{"line":14,"column":0},"end":{"line":14,"column":22}}},"fnMap":{},"branchMap":{},"s":{"0":3,"1":3,"2":3,"3":3,"4":3,"5":3,"6":3,"7":3,"8":3,"9":3,"10":3},"f":{},"b":{}}
,"C:\\Users\\ELVO\\Desktop\\Farmers Digital Market\\src\\routes\\productRoutes.ts": {"path":"C:\\Users\\ELVO\\Desktop\\Farmers Digital Market\\src\\routes\\productRoutes.ts","statementMap":{"0":{"start":{"line":1,"column":0},"end":{"line":1,"column":30}},"1":{"start":{"line":2,"column":0},"end":{"line":2,"column":77}},"2":{"start":{"line":3,"column":0},"end":{"line":3,"column":56}},"3":{"start":{"line":4,"column":0},"end":{"line":4,"column":95}},"4":{"start":{"line":6,"column":15},"end":{"line":6,"column":31}},"5":{"start":{"line":9,"column":0},"end":{"line":9,"column":44}},"6":{"start":{"line":10,"column":0},"end":{"line":10,"column":46}},"7":{"start":{"line":11,"column":0},"end":{"line":11,"column":50}},"8":{"start":{"line":12,"column":0},"end":{"line":12,"column":45}},"9":{"start":{"line":13,"column":0},"end":{"line":13,"column":null}},"10":{"start":{"line":14,"column":0},"end":{"line":14,"column":22}}},"fnMap":{},"branchMap":{},"s":{"0":3,"1":3,"2":3,"3":3,"4":3,"5":3,"6":3,"7":3,"8":3,"9":3,"10":3},"f":{},"b":{}}
,"C:\\Users\\ELVO\\Desktop\\Farmers Digital Market\\src\\services\\farmerServices.ts": {"path":"C:\\Users\\ELVO\\Desktop\\Farmers Digital Market\\src\\services\\farmerServices.ts","statementMap":{"0":{"start":{"line":2,"column":0},"end":{"line":2,"column":31}},"1":{"start":{"line":5,"column":25},"end":{"line":19,"column":1}},"2":{"start":{"line":6,"column":16},"end":{"line":9,"column":4}},"3":{"start":{"line":11,"column":18},"end":{"line":11,"column":35}},"4":{"start":{"line":12,"column":2},"end":{"line":12,"column":45}},"5":{"start":{"line":13,"column":2},"end":{"line":13,"column":51}},"6":{"start":{"line":14,"column":2},"end":{"line":14,"column":45}},"7":{"start":{"line":15,"column":2},"end":{"line":15,"column":45}},"8":{"start":{"line":17,"column":2},"end":{"line":17,"column":29}},"9":{"start":{"line":18,"column":2},"end":{"line":18,"column":50}},"10":{"start":{"line":5,"column":13},"end":{"line":5,"column":25}},"11":{"start":{"line":22,"column":29},"end":{"line":25,"column":1}},"12":{"start":{"line":23,"column":17},"end":{"line":23,"column":71}},"13":{"start":{"line":24,"column":2},"end":{"line":24,"column":26}},"14":{"start":{"line":22,"column":13},"end":{"line":22,"column":29}},"15":{"start":{"line":28,"column":29},"end":{"line":33,"column":1}},"16":{"start":{"line":29,"column":18},"end":{"line":29,"column":35}},"17":{"start":{"line":30,"column":2},"end":{"line":30,"column":32}},"18":{"start":{"line":31,"column":17},"end":{"line":31,"column":88}},"19":{"start":{"line":32,"column":2},"end":{"line":32,"column":37}},"20":{"start":{"line":28,"column":13},"end":{"line":28,"column":29}},"21":{"start":{"line":36,"column":28},"end":{"line":54,"column":1}},"22":{"start":{"line":37,"column":16},"end":{"line":44,"column":4}},"23":{"start":{"line":45,"column":18},"end":{"line":45,"column":35}},"24":{"start":{"line":46,"column":2},"end":{"line":46,"column":32}},"25":{"start":{"line":47,"column":2},"end":{"line":47,"column":45}},"26":{"start":{"line":48,"column":2},"end":{"line":48,"column":51}},"27":{"start":{"line":49,"column":2},"end":{"line":49,"column":45}},"28":{"start":{"line":50,"column":2},"end":{"line":50,"column":45}},"29":{"start":{"line":52,"column":2},"end":{"line":52,"column":29}},"30":{"start":{"line":53,"column":2},"end":{"line":53,"column":52}},"31":{"start":{"line":36,"column":13},"end":{"line":36,"column":28}},"32":{"start":{"line":57,"column":28},"end":{"line":62,"column":1}},"33":{"start":{"line":58,"column":18},"end":{"line":58,"column":35}},"34":{"start":{"line":59,"column":2},"end":{"line":59,"column":32}},"35":{"start":{"line":60,"column":2},"end":{"line":60,"column":72}},"36":{"start":{"line":61,"column":2},"end":{"line":61,"column":52}},"37":{"start":{"line":57,"column":13},"end":{"line":57,"column":28}}},"fnMap":{"0":{"name":"(anonymous_1)","decl":{"start":{"line":5,"column":25},"end":{"line":5,"column":30}},"loc":{"start":{"line":5,"column":47},"end":{"line":19,"column":1}}},"1":{"name":"(anonymous_2)","decl":{"start":{"line":22,"column":29},"end":{"line":22,"column":34}},"loc":{"start":{"line":22,"column":40},"end":{"line":25,"column":1}}},"2":{"name":"(anonymous_3)","decl":{"start":{"line":28,"column":29},"end":{"line":28,"column":34}},"loc":{"start":{"line":28,"column":50},"end":{"line":33,"column":1}}},"3":{"name":"(anonymous_4)","decl":{"start":{"line":36,"column":28},"end":{"line":36,"column":33}},"loc":{"start":{"line":36,"column":62},"end":{"line":54,"column":1}}},"4":{"name":"(anonymous_5)","decl":{"start":{"line":57,"column":28},"end":{"line":57,"column":33}},"loc":{"start":{"line":57,"column":49},"end":{"line":62,"column":1}}}},"branchMap":{"0":{"loc":{"start":{"line":32,"column":9},"end":{"line":32,"column":36}},"type":"binary-expr","locations":[{"start":{"line":32,"column":9},"end":{"line":32,"column":28}},{"start":{"line":32,"column":32},"end":{"line":32,"column":36}}]}},"s":{"0":0,"1":0,"2":0,"3":0,"4":0,"5":0,"6":0,"7":0,"8":0,"9":0,"10":0,"11":0,"12":0,"13":0,"14":0,"15":0,"16":0,"17":0,"18":0,"19":0,"20":0,"21":0,"22":0,"23":0,"24":0,"25":0,"26":0,"27":0,"28":0,"29":0,"30":0,"31":0,"32":0,"33":0,"34":0,"35":0,"36":0,"37":0},"f":{"0":0,"1":0,"2":0,"3":0,"4":0},"b":{"0":[0,0]}}
,"C:\\Users\\ELVO\\Desktop\\Farmers Digital Market\\src\\services\\logisticsServices.ts": {"path":"C:\\Users\\ELVO\\Desktop\\Farmers Digital Market\\src\\services\\logisticsServices.ts","statementMap":{"0":{"start":{"line":1,"column":0},"end":{"line":1,"column":83}},"1":{"start":{"line":3,"column":13},"end":{"line":30,"column":2}},"2":{"start":{"line":5,"column":4},"end":{"line":5,"column":55}},"3":{"start":{"line":9,"column":4},"end":{"line":9,"column":58}},"4":{"start":{"line":13,"column":4},"end":{"line":15,"column":5}},"5":{"start":{"line":14,"column":6},"end":{"line":14,"column":59}},"6":{"start":{"line":16,"column":4},"end":{"line":16,"column":64}},"7":{"start":{"line":20,"column":21},"end":{"line":20,"column":67}},"8":{"start":{"line":21,"column":4},"end":{"line":21,"column":65}},"9":{"start":{"line":21,"column":19},"end":{"line":21,"column":65}},"10":{"start":{"line":22,"column":4},"end":{"line":22,"column":68}},"11":{"start":{"line":26,"column":21},"end":{"line":26,"column":67}},"12":{"start":{"line":27,"column":4},"end":{"line":27,"column":65}},"13":{"start":{"line":27,"column":19},"end":{"line":27,"column":65}},"14":{"start":{"line":28,"column":4},"end":{"line":28,"column":57}}},"fnMap":{"0":{"name":"(anonymous_0)","decl":{"start":{"line":4,"column":2},"end":{"line":4,"column":7}},"loc":{"start":{"line":4,"column":23},"end":{"line":6,"column":3}}},"1":{"name":"(anonymous_1)","decl":{"start":{"line":8,"column":2},"end":{"line":8,"column":7}},"loc":{"start":{"line":8,"column":35},"end":{"line":10,"column":3}}},"2":{"name":"(anonymous_2)","decl":{"start":{"line":12,"column":2},"end":{"line":12,"column":7}},"loc":{"start":{"line":12,"column":44},"end":{"line":17,"column":3}}},"3":{"name":"(anonymous_3)","decl":{"start":{"line":19,"column":2},"end":{"line":19,"column":7}},"loc":{"start":{"line":19,"column":56},"end":{"line":23,"column":3}}},"4":{"name":"(anonymous_4)","decl":{"start":{"line":25,"column":2},"end":{"line":25,"column":7}},"loc":{"start":{"line":25,"column":34},"end":{"line":29,"column":3}}}},"branchMap":{"0":{"loc":{"start":{"line":13,"column":4},"end":{"line":15,"column":5}},"type":"if","locations":[{"start":{"line":13,"column":4},"end":{"line":15,"column":5}},{"start":{},"end":{}}]},"1":{"loc":{"start":{"line":13,"column":8},"end":{"line":13,"column":74}},"type":"binary-expr","locations":[{"start":{"line":13,"column":8},"end":{"line":13,"column":27}},{"start":{"line":13,"column":31},"end":{"line":13,"column":53}},{"start":{"line":13,"column":57},"end":{"line":13,"column":74}}]},"2":{"loc":{"start":{"line":21,"column":4},"end":{"line":21,"column":65}},"type":"if","locations":[{"start":{"line":21,"column":4},"end":{"line":21,"column":65}},{"start":{},"end":{}}]},"3":{"loc":{"start":{"line":27,"column":4},"end":{"line":27,"column":65}},"type":"if","locations":[{"start":{"line":27,"column":4},"end":{"line":27,"column":65}},{"start":{},"end":{}}]}},"s":{"0":0,"1":0,"2":0,"3":0,"4":0,"5":0,"6":0,"7":0,"8":0,"9":0,"10":0,"11":0,"12":0,"13":0,"14":0},"f":{"0":0,"1":0,"2":0,"3":0,"4":0},"b":{"0":[0,0],"1":[0,0,0],"2":[0,0],"3":[0,0]}}
,"C:\\Users\\ELVO\\Desktop\\Farmers Digital Market\\src\\services\\marketServices.ts": {"path":"C:\\Users\\ELVO\\Desktop\\Farmers Digital Market\\src\\services\\marketServices.ts","statementMap":{"0":{"start":{"line":11,"column":0},"end":{"line":11,"column":16}},"1":{"start":{"line":1,"column":0},"end":{"line":1,"column":61}},"2":{"start":{"line":3,"column":31},"end":{"line":3,"column":83}},"3":{"start":{"line":3,"column":42},"end":{"line":3,"column":82}},"4":{"start":{"line":3,"column":13},"end":{"line":3,"column":31}},"5":{"start":{"line":5,"column":31},"end":{"line":9,"column":1}},"6":{"start":{"line":6,"column":20},"end":{"line":6,"column":54}},"7":{"start":{"line":7,"column":4},"end":{"line":7,"column":53}},"8":{"start":{"line":7,"column":17},"end":{"line":7,"column":53}},"9":{"start":{"line":8,"column":4},"end":{"line":8,"column":22}},"10":{"start":{"line":5,"column":13},"end":{"line":5,"column":31}},"11":{"start":{"line":12,"column":2},"end":{"line":12,"column":47}}},"fnMap":{"0":{"name":"(anonymous_9)","decl":{"start":{"line":3,"column":31},"end":{"line":3,"column":36}},"loc":{"start":{"line":3,"column":41},"end":{"line":3,"column":83}}},"1":{"name":"(anonymous_10)","decl":{"start":{"line":5,"column":31},"end":{"line":5,"column":36}},"loc":{"start":{"line":5,"column":52},"end":{"line":9,"column":1}}},"2":{"name":"getallMarket","decl":{"start":{"line":11,"column":16},"end":{"line":11,"column":28}},"loc":{"start":{"line":11,"column":28},"end":{"line":13,"column":1}}}},"branchMap":{"0":{"loc":{"start":{"line":7,"column":4},"end":{"line":7,"column":53}},"type":"if","locations":[{"start":{"line":7,"column":4},"end":{"line":7,"column":53}},{"start":{},"end":{}}]}},"s":{"0":0,"1":0,"2":0,"3":0,"4":0,"5":0,"6":0,"7":0,"8":0,"9":0,"10":0,"11":0},"f":{"0":0,"1":0,"2":0},"b":{"0":[0,0]}}
,"C:\\Users\\ELVO\\Desktop\\Farmers Digital Market\\src\\services\\orderServices.ts": {"path":"C:\\Users\\ELVO\\Desktop\\Farmers Digital Market\\src\\services\\orderServices.ts","statementMap":{"0":{"start":{"line":1,"column":0},"end":{"line":1,"column":65}},"1":{"start":{"line":3,"column":27},"end":{"line":5,"column":1}},"2":{"start":{"line":4,"column":2},"end":{"line":4,"column":50}},"3":{"start":{"line":3,"column":13},"end":{"line":3,"column":27}},"4":{"start":{"line":7,"column":25},"end":{"line":9,"column":1}},"5":{"start":{"line":8,"column":2},"end":{"line":8,"column":49}},"6":{"start":{"line":7,"column":13},"end":{"line":7,"column":25}},"7":{"start":{"line":11,"column":33},"end":{"line":13,"column":1}},"8":{"start":{"line":12,"column":2},"end":{"line":12,"column":59}},"9":{"start":{"line":11,"column":13},"end":{"line":11,"column":33}},"10":{"start":{"line":15,"column":28},"end":{"line":17,"column":1}},"11":{"start":{"line":16,"column":2},"end":{"line":16,"column":48}},"12":{"start":{"line":15,"column":13},"end":{"line":15,"column":28}},"13":{"start":{"line":19,"column":27},"end":{"line":21,"column":1}},"14":{"start":{"line":20,"column":2},"end":{"line":20,"column":54}},"15":{"start":{"line":19,"column":13},"end":{"line":19,"column":27}},"16":{"start":{"line":23,"column":27},"end":{"line":25,"column":1}},"17":{"start":{"line":24,"column":2},"end":{"line":24,"column":47}},"18":{"start":{"line":23,"column":13},"end":{"line":23,"column":27}}},"fnMap":{"0":{"name":"(anonymous_9)","decl":{"start":{"line":3,"column":27},"end":{"line":3,"column":32}},"loc":{"start":{"line":3,"column":69},"end":{"line":5,"column":1}}},"1":{"name":"(anonymous_10)","decl":{"start":{"line":7,"column":25},"end":{"line":7,"column":30}},"loc":{"start":{"line":7,"column":50},"end":{"line":9,"column":1}}},"2":{"name":"(anonymous_11)","decl":{"start":{"line":11,"column":33},"end":{"line":11,"column":38}},"loc":{"start":{"line":11,"column":60},"end":{"line":13,"column":1}}},"3":{"name":"(anonymous_12)","decl":{"start":{"line":15,"column":28},"end":{"line":15,"column":33}},"loc":{"start":{"line":15,"column":49},"end":{"line":17,"column":1}}},"4":{"name":"(anonymous_13)","decl":{"start":{"line":19,"column":27},"end":{"line":19,"column":32}},"loc":{"start":{"line":19,"column":90},"end":{"line":21,"column":1}}},"5":{"name":"(anonymous_14)","decl":{"start":{"line":23,"column":27},"end":{"line":23,"column":32}},"loc":{"start":{"line":23,"column":48},"end":{"line":25,"column":1}}}},"branchMap":{},"s":{"0":3,"1":3,"2":1,"3":3,"4":3,"5":1,"6":3,"7":3,"8":0,"9":3,"10":3,"11":0,"12":3,"13":3,"14":0,"15":3,"16":3,"17":0,"18":3},"f":{"0":1,"1":1,"2":0,"3":0,"4":0,"5":0},"b":{}}
,"C:\\Users\\ELVO\\Desktop\\Farmers Digital Market\\src\\services\\paymentServices.ts": {"path":"C:\\Users\\ELVO\\Desktop\\Farmers Digital Market\\src\\services\\paymentServices.ts","statementMap":{"0":{"start":{"line":1,"column":0},"end":{"line":1,"column":68}},"1":{"start":{"line":4,"column":13},"end":{"line":11,"column":2}},"2":{"start":{"line":5,"column":16},"end":{"line":5,"column":42}},"3":{"start":{"line":6,"column":27},"end":{"line":6,"column":56}},"4":{"start":{"line":7,"column":35},"end":{"line":7,"column":72}},"5":{"start":{"line":8,"column":52},"end":{"line":8,"column":85}},"6":{"start":{"line":9,"column":53},"end":{"line":9,"column":90}},"7":{"start":{"line":10,"column":26},"end":{"line":10,"column":54}}},"fnMap":{"0":{"name":"(anonymous_0)","decl":{"start":{"line":5,"column":10},"end":{"line":5,"column":13}},"loc":{"start":{"line":5,"column":16},"end":{"line":5,"column":42}}},"1":{"name":"(anonymous_1)","decl":{"start":{"line":6,"column":11},"end":{"line":6,"column":12}},"loc":{"start":{"line":6,"column":27},"end":{"line":6,"column":56}}},"2":{"name":"(anonymous_2)","decl":{"start":{"line":7,"column":15},"end":{"line":7,"column":16}},"loc":{"start":{"line":7,"column":35},"end":{"line":7,"column":72}}},"3":{"name":"(anonymous_3)","decl":{"start":{"line":8,"column":10},"end":{"line":8,"column":11}},"loc":{"start":{"line":8,"column":52},"end":{"line":8,"column":85}}},"4":{"name":"(anonymous_4)","decl":{"start":{"line":9,"column":10},"end":{"line":9,"column":11}},"loc":{"start":{"line":9,"column":53},"end":{"line":9,"column":90}}},"5":{"name":"(anonymous_5)","decl":{"start":{"line":10,"column":10},"end":{"line":10,"column":11}},"loc":{"start":{"line":10,"column":26},"end":{"line":10,"column":54}}}},"branchMap":{},"s":{"0":3,"1":3,"2":0,"3":0,"4":0,"5":0,"6":0,"7":0},"f":{"0":0,"1":0,"2":0,"3":0,"4":0,"5":0},"b":{}}
,"C:\\Users\\ELVO\\Desktop\\Farmers Digital Market\\src\\services\\productServices.ts": {"path":"C:\\Users\\ELVO\\Desktop\\Farmers Digital Market\\src\\services\\productServices.ts","statementMap":{"0":{"start":{"line":1,"column":0},"end":{"line":1,"column":63}},"1":{"start":{"line":3,"column":26},"end":{"line":10,"column":1}},"2":{"start":{"line":4,"column":2},"end":{"line":6,"column":3}},"3":{"start":{"line":5,"column":4},"end":{"line":5,"column":60}},"4":{"start":{"line":8,"column":2},"end":{"line":8,"column":43}},"5":{"start":{"line":9,"column":2},"end":{"line":9,"column":51}},"6":{"start":{"line":3,"column":13},"end":{"line":3,"column":26}},"7":{"start":{"line":12,"column":30},"end":{"line":14,"column":1}},"8":{"start":{"line":13,"column":2},"end":{"line":13,"column":44}},"9":{"start":{"line":12,"column":13},"end":{"line":12,"column":30}},"10":{"start":{"line":16,"column":30},"end":{"line":27,"column":1}},"11":{"start":{"line":17,"column":2},"end":{"line":19,"column":3}},"12":{"start":{"line":18,"column":4},"end":{"line":18,"column":49}},"13":{"start":{"line":21,"column":18},"end":{"line":21,"column":50}},"14":{"start":{"line":22,"column":2},"end":{"line":24,"column":3}},"15":{"start":{"line":23,"column":4},"end":{"line":23,"column":41}},"16":{"start":{"line":26,"column":2},"end":{"line":26,"column":17}},"17":{"start":{"line":16,"column":13},"end":{"line":16,"column":30}},"18":{"start":{"line":28,"column":29},"end":{"line":43,"column":1}},"19":{"start":{"line":29,"column":2},"end":{"line":31,"column":3}},"20":{"start":{"line":30,"column":4},"end":{"line":30,"column":49}},"21":{"start":{"line":33,"column":26},"end":{"line":33,"column":58}},"22":{"start":{"line":34,"column":2},"end":{"line":36,"column":3}},"23":{"start":{"line":35,"column":4},"end":{"line":35,"column":41}},"24":{"start":{"line":37,"column":2},"end":{"line":39,"column":3}},"25":{"start":{"line":38,"column":4},"end":{"line":38,"column":56}},"26":{"start":{"line":41,"column":2},"end":{"line":41,"column":51}},"27":{"start":{"line":42,"column":2},"end":{"line":42,"column":53}},"28":{"start":{"line":28,"column":13},"end":{"line":28,"column":29}},"29":{"start":{"line":44,"column":29},"end":{"line":52,"column":1}},"30":{"start":{"line":45,"column":2},"end":{"line":45,"column":62}},"31":{"start":{"line":45,"column":17},"end":{"line":45,"column":62}},"32":{"start":{"line":47,"column":26},"end":{"line":47,"column":58}},"33":{"start":{"line":48,"column":2},"end":{"line":48,"column":36}},"34":{"start":{"line":48,"column":24},"end":{"line":48,"column":36}},"35":{"start":{"line":50,"column":2},"end":{"line":50,"column":38}},"36":{"start":{"line":51,"column":2},"end":{"line":51,"column":53}},"37":{"start":{"line":44,"column":13},"end":{"line":44,"column":29}}},"fnMap":{"0":{"name":"(anonymous_9)","decl":{"start":{"line":3,"column":26},"end":{"line":3,"column":31}},"loc":{"start":{"line":3,"column":49},"end":{"line":10,"column":1}}},"1":{"name":"(anonymous_10)","decl":{"start":{"line":12,"column":30},"end":{"line":12,"column":35}},"loc":{"start":{"line":12,"column":41},"end":{"line":14,"column":1}}},"2":{"name":"(anonymous_11)","decl":{"start":{"line":16,"column":30},"end":{"line":16,"column":35}},"loc":{"start":{"line":16,"column":51},"end":{"line":27,"column":1}}},"3":{"name":"(anonymous_12)","decl":{"start":{"line":28,"column":29},"end":{"line":28,"column":34}},"loc":{"start":{"line":28,"column":68},"end":{"line":43,"column":1}}},"4":{"name":"(anonymous_13)","decl":{"start":{"line":44,"column":29},"end":{"line":44,"column":34}},"loc":{"start":{"line":44,"column":50},"end":{"line":52,"column":1}}}},"branchMap":{"0":{"loc":{"start":{"line":4,"column":2},"end":{"line":6,"column":3}},"type":"if","locations":[{"start":{"line":4,"column":2},"end":{"line":6,"column":3}},{"start":{},"end":{}}]},"1":{"loc":{"start":{"line":4,"column":6},"end":{"line":4,"column":45}},"type":"binary-expr","locations":[{"start":{"line":4,"column":6},"end":{"line":4,"column":27}},{"start":{"line":4,"column":31},"end":{"line":4,"column":45}}]},"2":{"loc":{"start":{"line":17,"column":2},"end":{"line":19,"column":3}},"type":"if","locations":[{"start":{"line":17,"column":2},"end":{"line":19,"column":3}},{"start":{},"end":{}}]},"3":{"loc":{"start":{"line":22,"column":2},"end":{"line":24,"column":3}},"type":"if","locations":[{"start":{"line":22,"column":2},"end":{"line":24,"column":3}},{"start":{},"end":{}}]},"4":{"loc":{"start":{"line":29,"column":2},"end":{"line":31,"column":3}},"type":"if","locations":[{"start":{"line":29,"column":2},"end":{"line":31,"column":3}},{"start":{},"end":{}}]},"5":{"loc":{"start":{"line":34,"column":2},"end":{"line":36,"column":3}},"type":"if","locations":[{"start":{"line":34,"column":2},"end":{"line":36,"column":3}},{"start":{},"end":{}}]},"6":{"loc":{"start":{"line":37,"column":2},"end":{"line":39,"column":3}},"type":"if","locations":[{"start":{"line":37,"column":2},"end":{"line":39,"column":3}},{"start":{},"end":{}}]},"7":{"loc":{"start":{"line":37,"column":6},"end":{"line":37,"column":63}},"type":"binary-expr","locations":[{"start":{"line":37,"column":6},"end":{"line":37,"column":37}},{"start":{"line":37,"column":41},"end":{"line":37,"column":63}}]},"8":{"loc":{"start":{"line":45,"column":2},"end":{"line":45,"column":62}},"type":"if","locations":[{"start":{"line":45,"column":2},"end":{"line":45,"column":62}},{"start":{},"end":{}}]},"9":{"loc":{"start":{"line":48,"column":2},"end":{"line":48,"column":36}},"type":"if","locations":[{"start":{"line":48,"column":2},"end":{"line":48,"column":36}},{"start":{},"end":{}}]}},"s":{"0":3,"1":3,"2":0,"3":0,"4":0,"5":0,"6":3,"7":3,"8":2,"9":3,"10":3,"11":2,"12":0,"13":2,"14":2,"15":1,"16":1,"17":3,"18":3,"19":0,"20":0,"21":0,"22":0,"23":0,"24":0,"25":0,"26":0,"27":0,"28":3,"29":3,"30":0,"31":0,"32":0,"33":0,"34":0,"35":0,"36":0,"37":3},"f":{"0":0,"1":2,"2":2,"3":0,"4":0},"b":{"0":[0,0],"1":[0,0],"2":[0,2],"3":[1,1],"4":[0,0],"5":[0,0],"6":[0,0],"7":[0,0],"8":[0,0],"9":[0,0]}}
}
