TN:
SF:src\index.ts
FN:45,(anonymous_1)
FN:50,(anonymous_2)
FNF:2
FNH:0
FNDA:0,(anonymous_1)
FNDA:0,(anonymous_2)
DA:1,0
DA:2,0
DA:3,0
DA:4,0
DA:5,0
DA:6,0
DA:7,0
DA:8,0
DA:9,0
DA:10,0
DA:11,0
DA:13,0
DA:15,0
DA:16,0
DA:17,0
DA:31,0
DA:35,0
DA:36,0
DA:37,0
DA:38,0
DA:39,0
DA:40,0
DA:41,0
DA:45,0
DA:46,0
DA:50,0
DA:51,0
DA:52,0
DA:53,0
DA:55,0
LF:30
LH:0
BRDA:16,0,0,0
BRDA:16,0,1,0
BRF:2
BRH:0
end_of_record
TN:
SF:src\controllers\adminController.ts
FN:8,(anonymous_1)
FN:27,(anonymous_2)
FN:47,(anonymous_3)
FN:67,(anonymous_4)
FN:96,(anonymous_5)
FN:123,(anonymous_6)
FN:142,(anonymous_7)
FN:160,(anonymous_8)
FNF:8
FNH:2
FNDA:1,(anonymous_1)
FNDA:0,(anonymous_2)
FNDA:1,(anonymous_3)
FNDA:0,(anonymous_4)
FNDA:0,(anonymous_5)
FNDA:0,(anonymous_6)
FNDA:0,(anonymous_7)
FNDA:0,(anonymous_8)
DA:2,3
DA:3,3
DA:8,3
DA:9,1
DA:10,1
DA:18,1
DA:20,1
DA:27,3
DA:28,0
DA:29,0
DA:38,0
DA:40,0
DA:47,3
DA:48,1
DA:49,1
DA:50,1
DA:52,1
DA:58,1
DA:60,0
DA:67,3
DA:68,0
DA:69,0
DA:72,0
DA:79,0
DA:87,0
DA:89,0
DA:96,3
DA:97,0
DA:98,0
DA:99,0
DA:102,0
DA:108,0
DA:114,0
DA:116,0
DA:123,3
DA:124,0
DA:125,0
DA:127,0
DA:133,0
DA:135,0
DA:142,3
DA:143,0
DA:144,0
DA:151,0
DA:153,0
DA:160,3
DA:161,0
DA:162,0
DA:166,0
DA:168,0
LF:50
LH:19
BRF:0
BRH:0
end_of_record
TN:
SF:src\controllers\farmerController.ts
FN:6,(anonymous_0)
FN:16,(anonymous_1)
FN:26,(anonymous_2)
FN:37,(anonymous_3)
FN:47,(anonymous_4)
FNF:5
FNH:0
FNDA:0,(anonymous_0)
FNDA:0,(anonymous_1)
FNDA:0,(anonymous_2)
FNDA:0,(anonymous_3)
FNDA:0,(anonymous_4)
DA:2,0
DA:4,0
DA:6,0
DA:7,0
DA:8,0
DA:9,0
DA:11,0
DA:12,0
DA:16,0
DA:17,0
DA:18,0
DA:19,0
DA:21,0
DA:22,0
DA:26,0
DA:27,0
DA:28,0
DA:29,0
DA:30,0
DA:32,0
DA:33,0
DA:37,0
DA:38,0
DA:39,0
DA:40,0
DA:42,0
DA:43,0
DA:47,0
DA:48,0
DA:49,0
DA:50,0
DA:52,0
DA:53,0
LF:33
LH:0
BRDA:29,0,0,0
BRDA:29,0,1,0
BRF:2
BRH:0
end_of_record
TN:
SF:src\controllers\logisticsController.ts
FN:5,(anonymous_0)
FN:14,(anonymous_1)
FN:25,(anonymous_2)
FN:35,(anonymous_3)
FN:46,(anonymous_4)
FNF:5
FNH:0
FNDA:0,(anonymous_0)
FNDA:0,(anonymous_1)
FNDA:0,(anonymous_2)
FNDA:0,(anonymous_3)
FNDA:0,(anonymous_4)
DA:2,0
DA:4,0
DA:6,0
DA:7,0
DA:8,0
DA:10,0
DA:15,0
DA:16,0
DA:17,0
DA:18,0
DA:19,0
DA:21,0
DA:26,0
DA:27,0
DA:28,0
DA:29,0
DA:31,0
DA:36,0
DA:37,0
DA:38,0
DA:39,0
DA:40,0
DA:42,0
DA:47,0
DA:48,0
DA:49,0
DA:50,0
DA:52,0
LF:28
LH:0
BRDA:18,0,0,0
BRDA:18,0,1,0
BRF:2
BRH:0
end_of_record
TN:
SF:src\controllers\marketController.ts
FN:4,(anonymous_9)
FNF:1
FNH:0
FNDA:0,(anonymous_9)
DA:2,0
DA:4,0
DA:5,0
DA:6,0
DA:7,0
DA:9,0
LF:6
LH:0
BRF:0
BRH:0
end_of_record
TN:
SF:src\controllers\orderController.ts
FN:5,(anonymous_9)
FN:15,(anonymous_10)
FN:29,(anonymous_11)
FN:43,(anonymous_12)
FN:55,(anonymous_13)
FN:66,(anonymous_14)
FNF:6
FNH:2
FNDA:1,(anonymous_9)
FNDA:1,(anonymous_10)
FNDA:0,(anonymous_11)
FNDA:0,(anonymous_12)
FNDA:0,(anonymous_13)
FNDA:0,(anonymous_14)
DA:2,3
DA:5,3
DA:6,1
DA:7,1
DA:8,1
DA:10,0
DA:15,3
DA:16,1
DA:17,1
DA:18,1
DA:19,0
DA:21,1
DA:22,1
DA:24,0
DA:29,3
DA:30,0
DA:31,0
DA:32,0
DA:33,0
DA:35,0
DA:36,0
DA:38,0
DA:43,3
DA:44,0
DA:45,0
DA:46,0
DA:47,0
DA:48,0
DA:50,0
DA:55,3
DA:56,0
DA:57,0
DA:58,0
DA:59,0
DA:61,0
DA:66,3
DA:67,0
DA:68,0
DA:69,0
DA:70,0
DA:72,0
LF:41
LH:15
BRDA:18,0,0,0
BRDA:18,0,1,1
BRDA:32,1,0,0
BRDA:32,1,1,0
BRDA:47,2,0,0
BRDA:47,2,1,0
BRF:6
BRH:1
end_of_record
TN:
SF:src\controllers\paymentController.ts
FN:5,(anonymous_0)
FN:10,(anonymous_1)
FN:15,(anonymous_2)
FN:24,(anonymous_3)
FN:29,(anonymous_4)
FN:34,(anonymous_5)
FNF:6
FNH:2
FNDA:0,(anonymous_0)
FNDA:0,(anonymous_1)
FNDA:1,(anonymous_2)
FNDA:1,(anonymous_3)
FNDA:0,(anonymous_4)
FNDA:0,(anonymous_5)
DA:2,3
DA:4,3
DA:6,0
DA:7,0
DA:11,0
DA:12,0
DA:16,1
DA:17,1
DA:18,0
DA:20,1
DA:21,1
DA:25,1
DA:26,1
DA:30,0
DA:31,0
DA:35,0
DA:36,0
LF:17
LH:8
BRDA:12,0,0,0
BRDA:12,0,1,0
BRDA:17,1,0,0
BRDA:17,1,1,1
BRF:4
BRH:1
end_of_record
TN:
SF:src\controllers\productController.ts
FN:5,(anonymous_9)
FN:19,(anonymous_10)
FN:34,(anonymous_11)
FN:54,(anonymous_12)
FN:69,(anonymous_13)
FNF:5
FNH:2
FNDA:0,(anonymous_9)
FNDA:2,(anonymous_10)
FNDA:3,(anonymous_11)
FNDA:0,(anonymous_12)
FNDA:0,(anonymous_13)
DA:2,3
DA:5,3
DA:6,0
DA:7,0
DA:8,0
DA:10,0
DA:11,0
DA:19,3
DA:20,2
DA:21,2
DA:22,1
DA:24,1
DA:25,1
DA:34,3
DA:36,3
DA:37,3
DA:39,3
DA:41,3
DA:42,1
DA:44,2
DA:45,1
DA:46,0
DA:48,1
DA:50,1
DA:51,1
DA:54,3
DA:55,0
DA:56,0
DA:57,0
DA:59,0
DA:60,0
DA:62,0
DA:63,0
DA:69,3
DA:70,0
DA:71,0
DA:72,0
DA:74,0
DA:75,0
DA:78,0
DA:80,0
DA:81,0
DA:84,0
DA:86,0
DA:87,0
LF:45
LH:21
BRDA:41,0,0,1
BRDA:41,0,1,2
BRDA:41,1,0,3
BRDA:41,1,1,3
BRDA:45,2,0,0
BRDA:45,2,1,1
BRDA:74,3,0,0
BRDA:74,3,1,0
BRDA:74,4,0,0
BRDA:74,4,1,0
BRDA:80,5,0,0
BRDA:80,5,1,0
BRF:12
BRH:5
end_of_record
TN:
SF:src\db\config.ts
FN:33,(anonymous_1)
FNF:1
FNH:0
FNDA:0,(anonymous_1)
DA:1,3
DA:2,3
DA:3,3
DA:5,3
DA:7,3
DA:10,3
DA:11,3
DA:12,3
DA:13,3
DA:15,3
DA:33,3
DA:34,0
DA:35,0
DA:36,0
DA:37,0
DA:39,0
DA:40,0
DA:44,3
DA:45,3
LF:19
LH:13
BRF:0
BRH:0
end_of_record
TN:
SF:src\middleware\authMiddleware.ts
FN:14,(anonymous_1)
FN:36,(anonymous_2)
FN:56,(anonymous_3)
FN:67,(anonymous_4)
FNF:4
FNH:1
FNDA:0,(anonymous_1)
FNDA:6,(anonymous_2)
FNDA:0,(anonymous_3)
FNDA:0,(anonymous_4)
DA:1,3
DA:14,3
DA:15,0
DA:16,0
DA:17,0
DA:20,0
DA:21,0
DA:22,0
DA:24,0
DA:25,0
DA:26,0
DA:27,0
DA:30,0
DA:36,3
DA:38,6
DA:40,6
DA:41,6
DA:44,0
DA:46,0
DA:47,0
DA:48,0
DA:49,0
DA:51,0
DA:52,0
DA:56,3
DA:57,0
DA:58,0
DA:61,0
DA:62,0
DA:66,0
DA:67,3
DA:68,0
DA:69,0
DA:71,0
DA:72,0
DA:74,0
LF:36
LH:8
BRDA:16,0,0,0
BRDA:16,0,1,0
BRDA:16,1,0,0
BRDA:16,1,1,0
BRDA:21,2,0,0
BRDA:21,2,1,0
BRDA:40,3,0,6
BRDA:40,3,1,0
BRDA:40,4,0,6
BRDA:40,4,1,0
BRDA:57,5,0,0
BRDA:57,5,1,0
BRDA:61,6,0,0
BRDA:61,6,1,0
BRDA:68,7,0,0
BRDA:68,7,1,0
BRDA:71,8,0,0
BRDA:71,8,1,0
BRF:18
BRH:2
end_of_record
TN:
SF:src\repository\farmerRepository.ts
FN:15,(anonymous_1)
FN:20,(anonymous_2)
FN:28,(anonymous_3)
FN:37,(anonymous_4)
FN:40,(anonymous_5)
FN:50,(anonymous_6)
FN:67,(anonymous_7)
FN:81,(anonymous_8)
FN:100,(anonymous_9)
FNF:9
FNH:0
FNDA:0,(anonymous_1)
FNDA:0,(anonymous_2)
FNDA:0,(anonymous_3)
FNDA:0,(anonymous_4)
FNDA:0,(anonymous_5)
FNDA:0,(anonymous_6)
FNDA:0,(anonymous_7)
FNDA:0,(anonymous_8)
FNDA:0,(anonymous_9)
DA:1,2
DA:2,2
DA:12,2
DA:13,0
DA:21,0
DA:22,0
DA:23,0
DA:29,0
DA:30,0
DA:31,0
DA:32,0
DA:38,0
DA:39,0
DA:40,0
DA:51,0
DA:52,0
DA:55,0
DA:56,0
DA:57,0
DA:68,0
DA:69,0
DA:82,0
DA:83,0
DA:101,0
DA:102,0
LF:25
LH:3
BRDA:21,0,0,0
BRDA:21,0,1,0
BRDA:29,1,0,0
BRDA:29,1,1,0
BRDA:55,2,0,0
BRDA:55,2,1,0
BRF:6
BRH:0
end_of_record
TN:
SF:src\repository\logisticsRepository.ts
FN:13,(anonymous_0)
FN:19,(anonymous_1)
FN:28,(anonymous_2)
FN:44,(anonymous_3)
FN:66,(anonymous_4)
FNF:5
FNH:0
FNDA:0,(anonymous_0)
FNDA:0,(anonymous_1)
FNDA:0,(anonymous_2)
FNDA:0,(anonymous_3)
FNDA:0,(anonymous_4)
DA:1,0
DA:12,0
DA:14,0
DA:15,0
DA:16,0
DA:20,0
DA:21,0
DA:25,0
DA:29,0
DA:30,0
DA:41,0
DA:45,0
DA:46,0
DA:63,0
DA:67,0
DA:68,0
DA:72,0
LF:17
LH:0
BRF:0
BRH:0
end_of_record
TN:
SF:src\repository\marketRepository.ts
FN:4,(anonymous_1)
FN:8,(anonymous_2)
FNF:2
FNH:0
FNDA:0,(anonymous_1)
FNDA:0,(anonymous_2)
DA:1,0
DA:2,0
DA:4,0
DA:5,0
DA:6,0
DA:8,0
DA:9,0
DA:12,0
LF:8
LH:0
BRF:0
BRH:0
end_of_record
TN:
SF:src\repository\orderRepository.ts
FN:14,(anonymous_0)
FN:35,(anonymous_1)
FN:44,(anonymous_2)
FN:58,(anonymous_3)
FN:68,(anonymous_4)
FN:85,(anonymous_5)
FNF:6
FNH:0
FNDA:0,(anonymous_0)
FNDA:0,(anonymous_1)
FNDA:0,(anonymous_2)
FNDA:0,(anonymous_3)
FNDA:0,(anonymous_4)
FNDA:0,(anonymous_5)
DA:1,3
DA:14,3
DA:15,0
DA:16,0
DA:17,0
DA:25,0
DA:30,0
DA:31,0
DA:35,3
DA:36,0
DA:37,0
DA:40,0
DA:44,3
DA:45,0
DA:46,0
DA:54,0
DA:58,3
DA:59,0
DA:60,0
DA:64,0
DA:68,3
DA:69,0
DA:70,0
DA:81,0
DA:85,3
DA:86,0
DA:87,0
DA:88,0
LF:28
LH:7
BRF:0
BRH:0
end_of_record
TN:
SF:src\repository\paymentRepository.ts
FN:6,(anonymous_1)
FN:12,(anonymous_2)
FN:20,(anonymous_3)
FN:32,(anonymous_4)
FN:46,(anonymous_5)
FN:64,(anonymous_6)
FNF:6
FNH:0
FNDA:0,(anonymous_1)
FNDA:0,(anonymous_2)
FNDA:0,(anonymous_3)
FNDA:0,(anonymous_4)
FNDA:0,(anonymous_5)
FNDA:0,(anonymous_6)
DA:1,3
DA:3,3
DA:5,3
DA:7,0
DA:8,0
DA:9,0
DA:13,0
DA:14,0
DA:17,0
DA:21,0
DA:22,0
DA:29,0
DA:33,0
DA:34,0
DA:47,0
DA:48,0
DA:65,0
DA:66,0
LF:18
LH:3
BRDA:17,0,0,0
BRDA:17,0,1,0
BRDA:50,1,0,0
BRDA:50,1,1,0
BRDA:51,2,0,0
BRDA:51,2,1,0
BRDA:52,3,0,0
BRDA:52,3,1,0
BRDA:53,4,0,0
BRDA:53,4,1,0
BRF:10
BRH:0
end_of_record
TN:
SF:src\repository\productRepository.ts
FN:11,(anonymous_1)
FN:16,(anonymous_2)
FN:27,(anonymous_3)
FN:46,(anonymous_4)
FN:77,(anonymous_5)
FNF:5
FNH:0
FNDA:0,(anonymous_1)
FNDA:0,(anonymous_2)
FNDA:0,(anonymous_3)
FNDA:0,(anonymous_4)
FNDA:0,(anonymous_5)
DA:1,3
DA:11,3
DA:12,0
DA:13,0
DA:16,3
DA:17,0
DA:18,0
DA:21,0
DA:22,0
DA:23,0
DA:24,0
DA:27,3
DA:28,0
DA:29,0
DA:30,0
DA:31,0
DA:32,0
DA:33,0
DA:34,0
DA:36,0
DA:42,0
DA:43,0
DA:46,3
DA:47,0
DA:48,0
DA:49,0
DA:50,0
DA:51,0
DA:52,0
DA:53,0
DA:55,0
DA:73,0
DA:74,0
DA:77,3
DA:78,0
DA:79,0
DA:80,0
DA:81,0
LF:38
LH:6
BRDA:17,0,0,0
BRDA:17,0,1,0
BRDA:17,1,0,0
BRDA:17,1,1,0
BRDA:24,2,0,0
BRDA:24,2,1,0
BRDA:31,3,0,0
BRDA:31,3,1,0
BRDA:34,4,0,0
BRDA:34,4,1,0
BRDA:49,5,0,0
BRDA:49,5,1,0
BRDA:50,6,0,0
BRDA:50,6,1,0
BRDA:51,7,0,0
BRDA:51,7,1,0
BRDA:52,8,0,0
BRDA:52,8,1,0
BRDA:53,9,0,0
BRDA:53,9,1,0
BRDA:74,10,0,0
BRDA:74,10,1,0
BRF:22
BRH:0
end_of_record
TN:
SF:src\routes\adminRoutes.ts
FNF:0
FNH:0
DA:1,3
DA:2,3
DA:12,3
DA:14,3
DA:17,3
DA:20,3
DA:21,3
DA:22,3
DA:23,3
DA:26,3
DA:27,3
DA:28,3
DA:31,3
DA:33,3
LF:14
LH:14
BRF:0
BRH:0
end_of_record
TN:
SF:src\routes\authRoutes.ts
FN:10,(anonymous_1)
FN:46,(anonymous_2)
FN:93,(anonymous_3)
FNF:3
FNH:0
FNDA:0,(anonymous_1)
FNDA:0,(anonymous_2)
FNDA:0,(anonymous_3)
DA:1,0
DA:2,0
DA:3,0
DA:4,0
DA:5,0
DA:7,0
DA:10,0
DA:11,0
DA:13,0
DA:14,0
DA:15,0
DA:17,0
DA:22,0
DA:23,0
DA:26,0
DA:38,0
DA:40,0
DA:41,0
DA:46,0
DA:47,0
DA:49,0
DA:50,0
DA:51,0
DA:56,0
DA:57,0
DA:60,0
DA:61,0
DA:63,0
DA:64,0
DA:68,0
DA:75,0
DA:87,0
DA:88,0
DA:93,0
DA:95,0
DA:98,0
LF:36
LH:0
BRDA:22,0,0,0
BRDA:22,0,1,0
BRDA:56,1,0,0
BRDA:56,1,1,0
BRDA:63,2,0,0
BRDA:63,2,1,0
BRF:6
BRH:0
end_of_record
TN:
SF:src\routes\farmerRoutes.ts
FN:12,(anonymous_10)
FN:32,(anonymous_11)
FN:65,(anonymous_12)
FN:107,(anonymous_13)
FNF:4
FNH:1
FNDA:0,(anonymous_10)
FNDA:3,(anonymous_11)
FNDA:0,(anonymous_12)
FNDA:0,(anonymous_13)
DA:1,3
DA:2,3
DA:3,3
DA:4,3
DA:5,3
DA:7,3
DA:12,3
DA:13,0
DA:14,0
DA:15,0
DA:17,0
DA:22,0
DA:24,0
DA:25,0
DA:32,3
DA:33,3
DA:35,3
DA:36,3
DA:39,0
DA:40,0
DA:41,0
DA:43,0
DA:55,0
DA:57,0
DA:58,0
DA:65,3
DA:66,0
DA:67,0
DA:69,0
DA:70,0
DA:71,0
DA:74,0
DA:80,0
DA:81,0
DA:84,0
DA:97,0
DA:99,0
DA:100,0
DA:107,3
DA:108,0
DA:110,0
DA:111,0
DA:112,0
DA:115,0
DA:121,0
DA:122,0
DA:125,0
DA:127,0
DA:129,0
DA:130,0
DA:137,3
DA:139,3
LF:52
LH:15
BRDA:35,0,0,3
BRDA:35,0,1,0
BRDA:35,1,0,3
BRDA:35,1,1,0
BRDA:35,1,2,0
BRDA:49,2,0,0
BRDA:49,2,1,0
BRDA:80,3,0,0
BRDA:80,3,1,0
BRDA:90,4,0,0
BRDA:90,4,1,0
BRDA:121,5,0,0
BRDA:121,5,1,0
BRF:13
BRH:2
end_of_record
TN:
SF:src\routes\logisticsRoutes.ts
FN:6,(anonymous_1)
FNF:1
FNH:0
FNDA:0,(anonymous_1)
DA:1,0
DA:2,0
DA:4,0
DA:6,0
DA:7,0
DA:8,0
DA:9,0
DA:10,0
DA:11,0
LF:9
LH:0
BRF:0
BRH:0
end_of_record
TN:
SF:src\routes\marketRoutes.ts
FNF:0
FNH:0
DA:1,0
DA:2,0
DA:4,0
DA:6,0
DA:7,0
DA:9,0
LF:6
LH:0
BRF:0
BRH:0
end_of_record
TN:
SF:src\routes\orderRoutes.ts
FNF:0
FNH:0
DA:1,3
DA:2,3
DA:3,3
DA:5,3
DA:7,3
DA:8,3
DA:9,3
DA:10,3
DA:11,3
DA:13,3
LF:10
LH:10
BRF:0
BRH:0
end_of_record
TN:
SF:src\routes\paymentRoutes.ts
FNF:0
FNH:0
DA:1,3
DA:2,3
DA:3,3
DA:5,3
DA:7,3
DA:8,3
DA:9,3
DA:10,3
DA:11,3
DA:12,3
DA:14,3
LF:11
LH:11
BRF:0
BRH:0
end_of_record
TN:
SF:src\routes\productRoutes.ts
FNF:0
FNH:0
DA:1,3
DA:2,3
DA:3,3
DA:4,3
DA:6,3
DA:9,3
DA:10,3
DA:11,3
DA:12,3
DA:13,3
DA:14,3
LF:11
LH:11
BRF:0
BRH:0
end_of_record
TN:
SF:src\services\farmerServices.ts
FN:5,(anonymous_1)
FN:22,(anonymous_2)
FN:28,(anonymous_3)
FN:36,(anonymous_4)
FN:57,(anonymous_5)
FNF:5
FNH:0
FNDA:0,(anonymous_1)
FNDA:0,(anonymous_2)
FNDA:0,(anonymous_3)
FNDA:0,(anonymous_4)
FNDA:0,(anonymous_5)
DA:2,0
DA:5,0
DA:6,0
DA:11,0
DA:12,0
DA:13,0
DA:14,0
DA:15,0
DA:17,0
DA:18,0
DA:22,0
DA:23,0
DA:24,0
DA:28,0
DA:29,0
DA:30,0
DA:31,0
DA:32,0
DA:36,0
DA:37,0
DA:45,0
DA:46,0
DA:47,0
DA:48,0
DA:49,0
DA:50,0
DA:52,0
DA:53,0
DA:57,0
DA:58,0
DA:59,0
DA:60,0
DA:61,0
LF:33
LH:0
BRDA:32,0,0,0
BRDA:32,0,1,0
BRF:2
BRH:0
end_of_record
TN:
SF:src\services\logisticsServices.ts
FN:4,(anonymous_0)
FN:8,(anonymous_1)
FN:12,(anonymous_2)
FN:19,(anonymous_3)
FN:25,(anonymous_4)
FNF:5
FNH:0
FNDA:0,(anonymous_0)
FNDA:0,(anonymous_1)
FNDA:0,(anonymous_2)
FNDA:0,(anonymous_3)
FNDA:0,(anonymous_4)
DA:1,0
DA:3,0
DA:5,0
DA:9,0
DA:13,0
DA:14,0
DA:16,0
DA:20,0
DA:21,0
DA:22,0
DA:26,0
DA:27,0
DA:28,0
LF:13
LH:0
BRDA:13,0,0,0
BRDA:13,0,1,0
BRDA:13,1,0,0
BRDA:13,1,1,0
BRDA:13,1,2,0
BRDA:21,2,0,0
BRDA:21,2,1,0
BRDA:27,3,0,0
BRDA:27,3,1,0
BRF:9
BRH:0
end_of_record
TN:
SF:src\services\marketServices.ts
FN:3,(anonymous_9)
FN:5,(anonymous_10)
FN:11,getallMarket
FNF:3
FNH:0
FNDA:0,(anonymous_9)
FNDA:0,(anonymous_10)
FNDA:0,getallMarket
DA:1,0
DA:3,0
DA:5,0
DA:6,0
DA:7,0
DA:8,0
DA:11,0
DA:12,0
LF:8
LH:0
BRDA:7,0,0,0
BRDA:7,0,1,0
BRF:2
BRH:0
end_of_record
TN:
SF:src\services\orderServices.ts
FN:3,(anonymous_9)
FN:7,(anonymous_10)
FN:11,(anonymous_11)
FN:15,(anonymous_12)
FN:19,(anonymous_13)
FN:23,(anonymous_14)
FNF:6
FNH:2
FNDA:1,(anonymous_9)
FNDA:1,(anonymous_10)
FNDA:0,(anonymous_11)
FNDA:0,(anonymous_12)
FNDA:0,(anonymous_13)
FNDA:0,(anonymous_14)
DA:1,3
DA:3,3
DA:4,1
DA:7,3
DA:8,1
DA:11,3
DA:12,0
DA:15,3
DA:16,0
DA:19,3
DA:20,0
DA:23,3
DA:24,0
LF:13
LH:9
BRF:0
BRH:0
end_of_record
TN:
SF:src\services\paymentServices.ts
FN:5,(anonymous_0)
FN:6,(anonymous_1)
FN:7,(anonymous_2)
FN:8,(anonymous_3)
FN:9,(anonymous_4)
FN:10,(anonymous_5)
FNF:6
FNH:0
FNDA:0,(anonymous_0)
FNDA:0,(anonymous_1)
FNDA:0,(anonymous_2)
FNDA:0,(anonymous_3)
FNDA:0,(anonymous_4)
FNDA:0,(anonymous_5)
DA:1,3
DA:4,3
DA:5,0
DA:6,0
DA:7,0
DA:8,0
DA:9,0
DA:10,0
LF:8
LH:2
BRF:0
BRH:0
end_of_record
TN:
SF:src\services\productServices.ts
FN:3,(anonymous_9)
FN:12,(anonymous_10)
FN:16,(anonymous_11)
FN:28,(anonymous_12)
FN:44,(anonymous_13)
FNF:5
FNH:2
FNDA:0,(anonymous_9)
FNDA:2,(anonymous_10)
FNDA:2,(anonymous_11)
FNDA:0,(anonymous_12)
FNDA:0,(anonymous_13)
DA:1,3
DA:3,3
DA:4,0
DA:5,0
DA:8,0
DA:9,0
DA:12,3
DA:13,2
DA:16,3
DA:17,2
DA:18,0
DA:21,2
DA:22,2
DA:23,1
DA:26,1
DA:28,3
DA:29,0
DA:30,0
DA:33,0
DA:34,0
DA:35,0
DA:37,0
DA:38,0
DA:41,0
DA:42,0
DA:44,3
DA:45,0
DA:47,0
DA:48,0
DA:50,0
DA:51,0
LF:31
LH:12
BRDA:4,0,0,0
BRDA:4,0,1,0
BRDA:4,1,0,0
BRDA:4,1,1,0
BRDA:17,2,0,0
BRDA:17,2,1,2
BRDA:22,3,0,1
BRDA:22,3,1,1
BRDA:29,4,0,0
BRDA:29,4,1,0
BRDA:34,5,0,0
BRDA:34,5,1,0
BRDA:37,6,0,0
BRDA:37,6,1,0
BRDA:37,7,0,0
BRDA:37,7,1,0
BRDA:45,8,0,0
BRDA:45,8,1,0
BRDA:48,9,0,0
BRDA:48,9,1,0
BRF:20
BRH:3
end_of_record
